Log file open, 08/10/19 14:07:34
LogWindows: Failed to load 'aqProf.dll' (GetLastError=126)
LogWindows: File 'aqProf.dll' does not exist
LogWindows: Failed to load 'VtuneApi.dll' (GetLastError=126)
LogWindows: File 'VtuneApi.dll' does not exist
LogWindows: Failed to load 'VtuneApi32e.dll' (GetLastError=126)
LogWindows: File 'VtuneApi32e.dll' does not exist
LogConsoleResponse: Display: Failed to find resolution value strings in scalability ini. Falling back to default.
LogInit: Display: Running engine for game: AI-Zombie-MP-Tut
LogPakFile: Registered encryption key '00000000000000000000000000000000': 0 pak files mounted, 0 remain pending
LogPlatformFile: Not using cached read wrapper
LogTaskGraph: Started task graph with 5 named threads and 23 total threads with 3 sets of task threads.
LogStats: Stats thread started at 0.319679
LogD3D11RHI: Loaded GFSDK_Aftermath_Lib.x64.dll
LogICUInternationalization: ICU TimeZone Detection - Raw Offset: -6:00, Platform Override: ''
LogPluginManager: Mounting plugin Paper2D
LogPluginManager: Mounting plugin AISupport
LogPluginManager: Mounting plugin LightPropagationVolume
LogPluginManager: Mounting plugin ActorLayerUtilities
LogPluginManager: Mounting plugin AnimationSharing
LogPluginManager: Mounting plugin CLionSourceCodeAccess
LogPluginManager: Mounting plugin CodeLiteSourceCodeAccess
LogPluginManager: Mounting plugin GitSourceControl
LogPluginManager: Mounting plugin KDevelopSourceCodeAccess
LogPluginManager: Mounting plugin NullSourceCodeAccess
LogPluginManager: Mounting plugin PerforceSourceControl
LogPluginManager: Mounting plugin SubversionSourceControl
LogPluginManager: Mounting plugin UObjectPlugin
LogPluginManager: Mounting plugin VisualStudioCodeSourceCodeAccess
LogPluginManager: Mounting plugin VisualStudioSourceCodeAccess
LogPluginManager: Mounting plugin XCodeSourceCodeAccess
LogPluginManager: Mounting plugin AssetManagerEditor
LogPluginManager: Mounting plugin CryptoKeys
LogPluginManager: Mounting plugin DataValidation
LogPluginManager: Mounting plugin FacialAnimation
LogPluginManager: Mounting plugin GameplayTagsEditor
LogPluginManager: Mounting plugin MacGraphicsSwitching
LogPluginManager: Mounting plugin MaterialAnalyzer
LogPluginManager: Mounting plugin MobileLauncherProfileWizard
LogPluginManager: Mounting plugin PluginBrowser
LogPluginManager: Mounting plugin SpeedTreeImporter
LogPluginManager: Mounting plugin DatasmithContent
LogPluginManager: Mounting plugin VariantManagerContent
LogPluginManager: Mounting plugin AlembicImporter
LogPluginManager: Mounting plugin AppleImageUtils
LogPluginManager: Mounting plugin AppleVision
LogPluginManager: Mounting plugin BackChannel
LogPluginManager: Mounting plugin CharacterAI
LogPluginManager: Mounting plugin GeometryCache
LogPluginManager: Mounting plugin HTML5Networking
LogPluginManager: Mounting plugin ProxyLODPlugin
LogPluginManager: Mounting plugin SkeletalReduction
LogPluginManager: Mounting plugin MagicLeap
LogPluginManager: Mounting plugin MagicLeapMedia
LogPluginManager: Mounting plugin AndroidMedia
LogPluginManager: Mounting plugin AvfMedia
LogPluginManager: Mounting plugin ImgMedia
LogPluginManager: Mounting plugin LinearTimecode
LogPluginManager: Mounting plugin MediaCompositing
LogPluginManager: Mounting plugin MediaPlayerEditor
LogPluginManager: Mounting plugin WebMMedia
LogPluginManager: Mounting plugin WmfMedia
LogPluginManager: Mounting plugin TcpMessaging
LogPluginManager: Mounting plugin UdpMessaging
LogPluginManager: Mounting plugin ActorSequence
LogPluginManager: Mounting plugin LevelSequenceEditor
LogPluginManager: Mounting plugin MatineeToLevelSequence
LogPluginManager: Mounting plugin NetcodeUnitTest
LogPluginManager: Mounting plugin NUTUnrealEngine4
LogPluginManager: Mounting plugin OnlineSubsystemGooglePlay
LogPluginManager: Mounting plugin OnlineSubsystemIOS
LogPluginManager: Mounting plugin OnlineSubsystem
LogPluginManager: Mounting plugin OnlineSubsystemNull
LogPluginManager: Mounting plugin OnlineSubsystemUtils
LogPluginManager: Mounting plugin LauncherChunkInstaller
LogPluginManager: Mounting plugin AndroidDeviceProfileSelector
LogPluginManager: Mounting plugin AndroidMoviePlayer
LogPluginManager: Mounting plugin AndroidPermission
LogPluginManager: Mounting plugin AppleMoviePlayer
LogPluginManager: Mounting plugin ArchVisCharacter
LogPluginManager: Mounting plugin AudioCapture
LogPluginManager: Mounting plugin CableComponent
LogPluginManager: Mounting plugin CustomMeshComponent
LogPluginManager: Mounting plugin EditableMesh
LogPluginManager: Mounting plugin ExampleDeviceProfileSelector
LogPluginManager: Mounting plugin Firebase
LogPluginManager: Mounting plugin GoogleCloudMessaging
LogPluginManager: Mounting plugin IOSDeviceProfileSelector
LogPluginManager: Mounting plugin LinuxDeviceProfileSelector
LogPluginManager: Mounting plugin LocationServicesBPLibrary
LogPluginManager: Mounting plugin MobilePatchingUtils
LogPluginManager: Mounting plugin OculusVR
LogPluginManager: Mounting plugin PhysXVehicles
LogPluginManager: Mounting plugin ProceduralMeshComponent
LogPluginManager: Mounting plugin RuntimePhysXCooking
LogPluginManager: Mounting plugin SignificanceManager
LogPluginManager: Mounting plugin SteamVR
LogPluginManager: Mounting plugin WebMMoviePlayer
LogPluginManager: Mounting plugin WindowsMoviePlayer
LogInit: Using libcurl 7.55.1-DEV
LogInit:  - built for x86_64-pc-win32
LogInit:  - supports SSL with OpenSSL/1.1.1
LogInit:  - supports HTTP deflate (compression) using libz 1.2.8
LogInit:  - other features:
LogInit:      CURL_VERSION_SSL
LogInit:      CURL_VERSION_LIBZ
LogInit:      CURL_VERSION_IPV6
LogInit:      CURL_VERSION_ASYNCHDNS
LogInit:      CURL_VERSION_LARGEFILE
LogInit:      CURL_VERSION_IDN
LogInit:  CurlRequestOptions (configurable via config and command line):
LogInit:  - bVerifyPeer = true  - Libcurl will verify peer certificate
LogInit:  - bUseHttpProxy = false  - Libcurl will NOT use HTTP proxy
LogInit:  - bDontReuseConnections = false  - Libcurl will reuse connections
LogInit:  - MaxHostConnections = 16  - Libcurl will limit the number of connections to a host
LogInit:  - LocalHostAddr = Default
LogInit:  - BufferSize = 65536
LogInit: WinSock: version 1.1 (2.2), MaxSocks=32767, MaxUdp=65467
LogInit: Build: ++UE4+Release-4.22-CL-7053642
LogInit: Engine Version: 4.22.3-7053642+++UE4+Release-4.22
LogInit: Compatible Engine Version: 4.22.0-5660361+++UE4+Release-4.22
LogInit: Net CL: 5660361
LogInit: OS: Windows 10 (Release 1903) (), CPU: Intel(R) Core(TM) i7-4790K CPU @ 4.00GHz, GPU: NVIDIA GeForce GTX 1070
LogInit: Compiled (64-bit): Jun 18 2019 03:09:11
LogInit: Compiled with Visual C++: 19.16.27025.01
LogInit: Build Configuration: Development
LogInit: Branch Name: ++UE4+Release-4.22
LogInit: Command Line: 
LogInit: Base Directory: A:/Game Design/UE4/Epic Games/UE_4.22/Engine/Binaries/Win64/
LogInit: Installed Engine Build: 1
LogDevObjectVersion: Number of dev versions registered: 23
LogDevObjectVersion:   Dev-Blueprints (B0D832E4-1F89-4F0D-ACCF-7EB736FD4AA2): 10
LogDevObjectVersion:   Dev-Build (E1C64328-A22C-4D53-A36C-8E866417BD8C): 0
LogDevObjectVersion:   Dev-Core (375EC13C-06E4-48FB-B500-84F0262A717E): 3
LogDevObjectVersion:   Dev-Editor (E4B068ED-F494-42E9-A231-DA0B2E46BB41): 30
LogDevObjectVersion:   Dev-Framework (CFFC743F-43B0-4480-9391-14DF171D2073): 35
LogDevObjectVersion:   Dev-Mobile (B02B49B5-BB20-44E9-A304-32B752E40360): 2
LogDevObjectVersion:   Dev-Networking (A4E4105C-59A1-49B5-A7C5-40C4547EDFEE): 0
LogDevObjectVersion:   Dev-Online (39C831C9-5AE6-47DC-9A44-9C173E1C8E7C): 0
LogDevObjectVersion:   Dev-Physics (78F01B33-EBEA-4F98-B9B4-84EACCB95AA2): 0
LogDevObjectVersion:   Dev-Platform (6631380F-2D4D-43E0-8009-CF276956A95A): 0
LogDevObjectVersion:   Dev-Rendering (12F88B9F-8875-4AFC-A67C-D90C383ABD29): 28
LogDevObjectVersion:   Dev-Sequencer (7B5AE74C-D270-4C10-A958-57980B212A5A): 11
LogDevObjectVersion:   Dev-VR (D7296918-1DD6-4BDD-9DE2-64A83CC13884): 2
LogDevObjectVersion:   Dev-LoadTimes (C2A15278-BFE7-4AFE-6C17-90FF531DF755): 1
LogDevObjectVersion:   Private-Geometry (6EACA3D4-40EC-4CC1-B786-8BED09428FC5): 3
LogDevObjectVersion:   Dev-AnimPhys (29E575DD-E0A3-4627-9D10-D276232CDCEA): 17
LogDevObjectVersion:   Dev-Anim (AF43A65D-7FD3-4947-9873-3E8ED9C1BB05): 2
LogDevObjectVersion:   Dev-ReflectionCapture (6B266CEC-1EC7-4B8F-A30B-E4D90942FC07): 1
LogDevObjectVersion:   Dev-Automation (0DF73D61-A23F-47EA-B727-89E90C41499A): 1
LogDevObjectVersion:   FortniteMain (601D1886-AC64-4F84-AA16-D3DE0DEAC7D6): 25
LogDevObjectVersion:   Dev-Enterprise (9DFFBCD6-494F-0158-E221-12823C92A888): 6
LogDevObjectVersion:   Dev-Niagara (F2AED0AC-9AFE-416F-8664-AA7FFA26D6FC): 1
LogDevObjectVersion:   Dev-Destruction (174F1F0B-B4C6-45A5-B13F-2EE8D0FB917D): 2
LogInit: Presizing for max 16777216 objects, including 0 objects not considered by GC, pre-allocating 0 bytes for permanent pool.
LogInit: Object subsystem initialized
LogConfig: Setting CVar [[con.DebugEarlyDefault:1]]
LogConfig: Setting CVar [[r.setres:1280x720]]
[2019.08.10-19.07.35:228][  0]LogConfig: Setting CVar [[r.VSync:0]]
[2019.08.10-19.07.35:228][  0]LogConfig: Setting CVar [[r.RHICmdBypass:0]]
[2019.08.10-19.07.35:228][  0]LogConfig: Applying CVar settings from Section [/Script/Engine.RendererSettings] File [A:/GIT/Tutorials/AI-Zombie-MP-Tut/Saved/Config/Windows/Engine.ini]
[2019.08.10-19.07.35:228][  0]LogConfig: Setting CVar [[r.GPUCrashDebugging:0]]
[2019.08.10-19.07.35:228][  0]LogConfig: Setting CVar [[r.MobileHDR:1]]
[2019.08.10-19.07.35:228][  0]LogConfig: Setting CVar [[r.Mobile.DisableVertexFog:1]]
[2019.08.10-19.07.35:228][  0]LogConfig: Setting CVar [[r.Shadow.CSM.MaxMobileCascades:2]]
[2019.08.10-19.07.35:228][  0]LogConfig: Setting CVar [[r.MobileMSAA:1]]
[2019.08.10-19.07.35:228][  0]LogConfig: Setting CVar [[r.Mobile.UseLegacyShadingModel:0]]
[2019.08.10-19.07.35:228][  0]LogConfig: Setting CVar [[r.Mobile.AllowDitheredLODTransition:0]]
[2019.08.10-19.07.35:228][  0]LogConfig: Setting CVar [[r.Mobile.AllowSoftwareOcclusion:0]]
[2019.08.10-19.07.35:228][  0]LogConfig: Setting CVar [[r.DiscardUnusedQuality:0]]
[2019.08.10-19.07.35:228][  0]LogConfig: Setting CVar [[r.AllowOcclusionQueries:1]]
[2019.08.10-19.07.35:228][  0]LogConfig: Setting CVar [[r.MinScreenRadiusForLights:0.030000]]
[2019.08.10-19.07.35:228][  0]LogConfig: Setting CVar [[r.MinScreenRadiusForDepthPrepass:0.030000]]
[2019.08.10-19.07.35:228][  0]LogConfig: Setting CVar [[r.MinScreenRadiusForCSMDepth:0.010000]]
[2019.08.10-19.07.35:228][  0]LogConfig: Setting CVar [[r.PrecomputedVisibilityWarning:0]]
[2019.08.10-19.07.35:228][  0]LogConfig: Setting CVar [[r.TextureStreaming:1]]
[2019.08.10-19.07.35:228][  0]LogConfig: Setting CVar [[Compat.UseDXT5NormalMaps:0]]
[2019.08.10-19.07.35:228][  0]LogConfig: Setting CVar [[r.ClearCoatNormal:0]]
[2019.08.10-19.07.35:228][  0]LogConfig: Setting CVar [[r.ReflectionCaptureResolution:128]]
[2019.08.10-19.07.35:228][  0]LogConfig: Setting CVar [[r.ReflectionEnvironmentLightmapMixBasedOnRoughness:1]]
[2019.08.10-19.07.35:228][  0]LogConfig: Setting CVar [[r.ForwardShading:0]]
[2019.08.10-19.07.35:228][  0]LogConfig: Setting CVar [[r.VertexFoggingForOpaque:1]]
[2019.08.10-19.07.35:228][  0]LogConfig: Setting CVar [[r.AllowStaticLighting:0]]
[2019.08.10-19.07.35:228][  0]LogConfig: Setting CVar [[r.NormalMapsForStaticLighting:0]]
[2019.08.10-19.07.35:228][  0]LogConfig: Setting CVar [[r.GenerateMeshDistanceFields:0]]
[2019.08.10-19.07.35:228][  0]LogConfig: Setting CVar [[r.DistanceFieldBuild.EightBit:0]]
[2019.08.10-19.07.35:228][  0]LogConfig: Setting CVar [[r.GenerateLandscapeGIData:0]]
[2019.08.10-19.07.35:228][  0]LogConfig: Setting CVar [[r.DistanceFieldBuild.Compress:0]]
[2019.08.10-19.07.35:228][  0]LogConfig: Setting CVar [[r.TessellationAdaptivePixelsPerTriangle:48.000000]]
[2019.08.10-19.07.35:228][  0]LogConfig: Setting CVar [[r.SeparateTranslucency:1]]
[2019.08.10-19.07.35:228][  0]LogConfig: Setting CVar [[r.TranslucentSortPolicy:0]]
[2019.08.10-19.07.35:228][  0]LogConfig: Setting CVar [[r.CustomDepth:1]]
[2019.08.10-19.07.35:228][  0]LogConfig: Setting CVar [[r.CustomDepthTemporalAAJitter:1]]
[2019.08.10-19.07.35:228][  0]LogConfig: Setting CVar [[r.PostProcessing.PropagateAlpha:0]]
[2019.08.10-19.07.35:228][  0]LogConfig: Setting CVar [[r.DOF.Algorithm:1]]
[2019.08.10-19.07.35:228][  0]LogConfig: Setting CVar [[r.DefaultFeature.Bloom:1]]
[2019.08.10-19.07.35:228][  0]LogConfig: Setting CVar [[r.DefaultFeature.AmbientOcclusion:1]]
[2019.08.10-19.07.35:228][  0]LogConfig: Setting CVar [[r.DefaultFeature.AmbientOcclusionStaticFraction:1]]
[2019.08.10-19.07.35:228][  0]LogConfig: Setting CVar [[r.DefaultFeature.AutoExposure:0]]
[2019.08.10-19.07.35:228][  0]LogConfig: Setting CVar [[r.DefaultFeature.AutoExposure.Method:0]]
[2019.08.10-19.07.35:228][  0]LogConfig: Setting CVar [[r.DefaultFeature.AutoExposure.ExtendDefaultLuminanceRange:0]]
[2019.08.10-19.07.35:228][  0]LogConfig: Setting CVar [[r.UsePreExposure:0]]
[2019.08.10-19.07.35:228][  0]LogConfig: Setting CVar [[r.DefaultFeature.MotionBlur:0]]
[2019.08.10-19.07.35:228][  0]LogConfig: Setting CVar [[r.DefaultFeature.LensFlare:0]]
[2019.08.10-19.07.35:228][  0]LogConfig: Setting CVar [[r.TemporalAA.Upsampling:0]]
[2019.08.10-19.07.35:228][  0]LogConfig: Setting CVar [[r.DefaultFeature.AntiAliasing:0]]
[2019.08.10-19.07.35:228][  0]LogConfig: Setting CVar [[r.DefaultFeature.LightUnits:1]]
[2019.08.10-19.07.35:228][  0]LogConfig: Setting CVar [[r.DefaultBackBufferPixelFormat:4]]
[2019.08.10-19.07.35:228][  0]LogConfig: Setting CVar [[r.Shadow.UnbuiltPreviewInGame:1]]
[2019.08.10-19.07.35:228][  0]LogConfig: Setting CVar [[r.StencilForLODDither:0]]
[2019.08.10-19.07.35:228][  0]LogConfig: Setting CVar [[r.EarlyZPass:3]]
[2019.08.10-19.07.35:228][  0]LogConfig: Setting CVar [[r.EarlyZPassOnlyMaterialMasking:0]]
[2019.08.10-19.07.35:229][  0]LogConfig: Setting CVar [[r.DBuffer:1]]
[2019.08.10-19.07.35:229][  0]LogConfig: Setting CVar [[r.ClearSceneMethod:1]]
[2019.08.10-19.07.35:229][  0]LogConfig: Setting CVar [[r.BasePassOutputsVelocity:0]]
[2019.08.10-19.07.35:229][  0]LogConfig: Setting CVar [[r.SelectiveBasePassOutputs:0]]
[2019.08.10-19.07.35:229][  0]LogConfig: Setting CVar [[fx.GPUSimulationTextureSizeX:1024]]
[2019.08.10-19.07.35:229][  0]LogConfig: Setting CVar [[fx.GPUSimulationTextureSizeY:1024]]
[2019.08.10-19.07.35:229][  0]LogConfig: Setting CVar [[r.AllowGlobalClipPlane:0]]
[2019.08.10-19.07.35:229][  0]LogConfig: Setting CVar [[r.GBufferFormat:1]]
[2019.08.10-19.07.35:229][  0]LogConfig: Setting CVar [[r.MorphTarget.Mode:1]]
[2019.08.10-19.07.35:229][  0]LogConfig: Setting CVar [[vr.InstancedStereo:0]]
[2019.08.10-19.07.35:229][  0]LogConfig: Setting CVar [[vr.MultiView:0]]
[2019.08.10-19.07.35:229][  0]LogConfig: Setting CVar [[vr.MobileMultiView:0]]
[2019.08.10-19.07.35:229][  0]LogConfig: Setting CVar [[vr.MobileMultiView.Direct:0]]
[2019.08.10-19.07.35:229][  0]LogConfig: Setting CVar [[vr.RoundRobinOcclusion:0]]
[2019.08.10-19.07.35:229][  0]LogConfig: Setting CVar [[vr.ODSCapture:0]]
[2019.08.10-19.07.35:229][  0]LogConfig: Setting CVar [[r.WireframeCullThreshold:5.000000]]
[2019.08.10-19.07.35:229][  0]LogConfig: Setting CVar [[r.SupportStationarySkylight:1]]
[2019.08.10-19.07.35:229][  0]LogConfig: Setting CVar [[r.SupportLowQualityLightmaps:1]]
[2019.08.10-19.07.35:229][  0]LogConfig: Setting CVar [[r.SupportPointLightWholeSceneShadows:1]]
[2019.08.10-19.07.35:229][  0]LogConfig: Setting CVar [[r.SupportAtmosphericFog:1]]
[2019.08.10-19.07.35:229][  0]LogConfig: Setting CVar [[r.SkinCache.CompileShaders:0]]
[2019.08.10-19.07.35:229][  0]LogConfig: Setting CVar [[r.Mobile.EnableStaticAndCSMShadowReceivers:1]]
[2019.08.10-19.07.35:229][  0]LogConfig: Setting CVar [[r.Mobile.EnableMovableLightCSMShaderCulling:1]]
[2019.08.10-19.07.35:229][  0]LogConfig: Setting CVar [[r.Mobile.AllowDistanceFieldShadows:1]]
[2019.08.10-19.07.35:229][  0]LogConfig: Setting CVar [[r.Mobile.AllowMovableDirectionalLights:1]]
[2019.08.10-19.07.35:229][  0]LogConfig: Setting CVar [[r.MobileNumDynamicPointLights:4]]
[2019.08.10-19.07.35:229][  0]LogConfig: Setting CVar [[r.MobileDynamicPointLightsUseStaticBranch:1]]
[2019.08.10-19.07.35:229][  0]LogConfig: Setting CVar [[r.SkinCache.SceneMemoryLimitInMB:128.000000]]
[2019.08.10-19.07.35:229][  0]LogConfig: Setting CVar [[r.GPUSkin.Limit2BoneInfluences:0]]
[2019.08.10-19.07.35:229][  0]LogConfig: Setting CVar [[r.SupportDepthOnlyIndexBuffers:1]]
[2019.08.10-19.07.35:229][  0]LogConfig: Setting CVar [[r.SupportReversedIndexBuffers:1]]
[2019.08.10-19.07.35:229][  0]LogConfig: Setting CVar [[r.SupportMaterialLayers:0]]
[2019.08.10-19.07.35:229][  0]LogConfig: Applying CVar settings from Section [/Script/Engine.RendererOverrideSettings] File [A:/GIT/Tutorials/AI-Zombie-MP-Tut/Saved/Config/Windows/Engine.ini]
[2019.08.10-19.07.35:229][  0]LogConfig: Applying CVar settings from Section [/Script/Engine.StreamingSettings] File [A:/GIT/Tutorials/AI-Zombie-MP-Tut/Saved/Config/Windows/Engine.ini]
[2019.08.10-19.07.35:229][  0]LogConfig: Setting CVar [[s.MinBulkDataSizeForAsyncLoading:131072]]
[2019.08.10-19.07.35:229][  0]LogConfig: Setting CVar [[s.AsyncLoadingThreadEnabled:0]]
[2019.08.10-19.07.35:229][  0]LogConfig: Setting CVar [[s.EventDrivenLoaderEnabled:1]]
[2019.08.10-19.07.35:229][  0]LogConfig: Setting CVar [[s.WarnIfTimeLimitExceeded:0]]
[2019.08.10-19.07.35:229][  0]LogConfig: Setting CVar [[s.TimeLimitExceededMultiplier:1.5]]
[2019.08.10-19.07.35:230][  0]LogConfig: Setting CVar [[s.TimeLimitExceededMinTime:0.005]]
[2019.08.10-19.07.35:230][  0]LogConfig: Setting CVar [[s.UseBackgroundLevelStreaming:1]]
[2019.08.10-19.07.35:230][  0]LogConfig: Setting CVar [[s.PriorityAsyncLoadingExtraTime:15.0]]
[2019.08.10-19.07.35:230][  0]LogConfig: Setting CVar [[s.LevelStreamingActorsUpdateTimeLimit:5.0]]
[2019.08.10-19.07.35:230][  0]LogConfig: Setting CVar [[s.PriorityLevelStreamingActorsUpdateExtraTime:5.0]]
[2019.08.10-19.07.35:230][  0]LogConfig: Setting CVar [[s.LevelStreamingComponentsRegistrationGranularity:10]]
[2019.08.10-19.07.35:230][  0]LogConfig: Setting CVar [[s.UnregisterComponentsTimeLimit:1.0]]
[2019.08.10-19.07.35:230][  0]LogConfig: Setting CVar [[s.LevelStreamingComponentsUnregistrationGranularity:5]]
[2019.08.10-19.07.35:230][  0]LogConfig: Applying CVar settings from Section [/Script/Engine.GarbageCollectionSettings] File [A:/GIT/Tutorials/AI-Zombie-MP-Tut/Saved/Config/Windows/Engine.ini]
[2019.08.10-19.07.35:230][  0]LogConfig: Setting CVar [[gc.MaxObjectsNotConsideredByGC:1]]
[2019.08.10-19.07.35:230][  0]LogConfig: Setting CVar [[gc.SizeOfPermanentObjectPool:0]]
[2019.08.10-19.07.35:230][  0]LogConfig: Setting CVar [[gc.FlushStreamingOnGC:0]]
[2019.08.10-19.07.35:230][  0]LogConfig: Setting CVar [[gc.NumRetriesBeforeForcingGC:10]]
[2019.08.10-19.07.35:230][  0]LogConfig: Setting CVar [[gc.AllowParallelGC:1]]
[2019.08.10-19.07.35:230][  0]LogConfig: Setting CVar [[gc.TimeBetweenPurgingPendingKillObjects:61.1]]
[2019.08.10-19.07.35:230][  0]LogConfig: Setting CVar [[gc.MaxObjectsInEditor:16777216]]
[2019.08.10-19.07.35:230][  0]LogConfig: Setting CVar [[gc.IncrementalBeginDestroyEnabled:1]]
[2019.08.10-19.07.35:230][  0]LogConfig: Setting CVar [[gc.CreateGCClusters:1]]
[2019.08.10-19.07.35:230][  0]LogConfig: Setting CVar [[gc.MinGCClusterSize:5]]
[2019.08.10-19.07.35:230][  0]LogConfig: Setting CVar [[gc.ActorClusteringEnabled:0]]
[2019.08.10-19.07.35:230][  0]LogConfig: Setting CVar [[gc.BlueprintClusteringEnabled:0]]
[2019.08.10-19.07.35:230][  0]LogConfig: Setting CVar [[gc.UseDisregardForGCOnDedicatedServers:0]]
[2019.08.10-19.07.35:230][  0]LogConfig: Applying CVar settings from Section [/Script/Engine.NetworkSettings] File [A:/GIT/Tutorials/AI-Zombie-MP-Tut/Saved/Config/Windows/Engine.ini]
[2019.08.10-19.07.35:230][  0]LogConfig: Applying CVar settings from Section [/Script/UnrealEd.CookerSettings] File [A:/GIT/Tutorials/AI-Zombie-MP-Tut/Saved/Config/Windows/Engine.ini]
[2019.08.10-19.07.35:238][  0]LogConfig: Applying CVar settings from Section [ViewDistanceQuality@3] File [A:/GIT/Tutorials/AI-Zombie-MP-Tut/Saved/Config/Windows/Scalability.ini]
[2019.08.10-19.07.35:238][  0]LogConfig: Setting CVar [[r.SkeletalMeshLODBias:0]]
[2019.08.10-19.07.35:238][  0]LogConfig: Setting CVar [[r.ViewDistanceScale:1.0]]
[2019.08.10-19.07.35:238][  0]LogConfig: Applying CVar settings from Section [AntiAliasingQuality@3] File [A:/GIT/Tutorials/AI-Zombie-MP-Tut/Saved/Config/Windows/Scalability.ini]
[2019.08.10-19.07.35:238][  0]LogConfig: Setting CVar [[r.PostProcessAAQuality:4]]
[2019.08.10-19.07.35:238][  0]LogConfig: Applying CVar settings from Section [ShadowQuality@3] File [A:/GIT/Tutorials/AI-Zombie-MP-Tut/Saved/Config/Windows/Scalability.ini]
[2019.08.10-19.07.35:238][  0]LogConfig: Setting CVar [[r.LightFunctionQuality:1]]
[2019.08.10-19.07.35:238][  0]LogConfig: Setting CVar [[r.ShadowQuality:5]]
[2019.08.10-19.07.35:238][  0]LogConfig: Setting CVar [[r.Shadow.CSM.MaxCascades:10]]
[2019.08.10-19.07.35:238][  0]LogConfig: Setting CVar [[r.Shadow.MaxResolution:2048]]
[2019.08.10-19.07.35:238][  0]LogConfig: Setting CVar [[r.Shadow.MaxCSMResolution:2048]]
[2019.08.10-19.07.35:238][  0]LogConfig: Setting CVar [[r.Shadow.RadiusThreshold:0.01]]
[2019.08.10-19.07.35:238][  0]LogConfig: Setting CVar [[r.Shadow.DistanceScale:1.0]]
[2019.08.10-19.07.35:238][  0]LogConfig: Setting CVar [[r.Shadow.CSM.TransitionScale:1.0]]
[2019.08.10-19.07.35:238][  0]LogConfig: Setting CVar [[r.Shadow.PreShadowResolutionFactor:1.0]]
[2019.08.10-19.07.35:238][  0]LogConfig: Setting CVar [[r.DistanceFieldShadowing:1]]
[2019.08.10-19.07.35:238][  0]LogConfig: Setting CVar [[r.DistanceFieldAO:1]]
[2019.08.10-19.07.35:238][  0]LogConfig: Setting CVar [[r.AOQuality:2]]
[2019.08.10-19.07.35:238][  0]LogConfig: Setting CVar [[r.VolumetricFog:1]]
[2019.08.10-19.07.35:238][  0]LogConfig: Setting CVar [[r.VolumetricFog.GridPixelSize:8]]
[2019.08.10-19.07.35:238][  0]LogConfig: Setting CVar [[r.VolumetricFog.GridSizeZ:128]]
[2019.08.10-19.07.35:238][  0]LogConfig: Setting CVar [[r.VolumetricFog.HistoryMissSupersampleCount:4]]
[2019.08.10-19.07.35:238][  0]LogConfig: Setting CVar [[r.LightMaxDrawDistanceScale:1]]
[2019.08.10-19.07.35:238][  0]LogConfig: Setting CVar [[r.CapsuleShadows:1]]
[2019.08.10-19.07.35:238][  0]LogConfig: Applying CVar settings from Section [PostProcessQuality@3] File [A:/GIT/Tutorials/AI-Zombie-MP-Tut/Saved/Config/Windows/Scalability.ini]
[2019.08.10-19.07.35:238][  0]LogConfig: Setting CVar [[r.MotionBlurQuality:4]]
[2019.08.10-19.07.35:238][  0]LogConfig: Setting CVar [[r.AmbientOcclusionMipLevelFactor:0.4]]
[2019.08.10-19.07.35:238][  0]LogConfig: Setting CVar [[r.AmbientOcclusionMaxQuality:100]]
[2019.08.10-19.07.35:238][  0]LogConfig: Setting CVar [[r.AmbientOcclusionLevels:-1]]
[2019.08.10-19.07.35:238][  0]LogConfig: Setting CVar [[r.AmbientOcclusionRadiusScale:1.0]]
[2019.08.10-19.07.35:238][  0]LogConfig: Setting CVar [[r.DepthOfFieldQuality:2]]
[2019.08.10-19.07.35:238][  0]LogConfig: Setting CVar [[r.RenderTargetPoolMin:400]]
[2019.08.10-19.07.35:238][  0]LogConfig: Setting CVar [[r.LensFlareQuality:2]]
[2019.08.10-19.07.35:238][  0]LogConfig: Setting CVar [[r.SceneColorFringeQuality:1]]
[2019.08.10-19.07.35:238][  0]LogConfig: Setting CVar [[r.EyeAdaptationQuality:2]]
[2019.08.10-19.07.35:238][  0]LogConfig: Setting CVar [[r.BloomQuality:5]]
[2019.08.10-19.07.35:238][  0]LogConfig: Setting CVar [[r.FastBlurThreshold:100]]
[2019.08.10-19.07.35:238][  0]LogConfig: Setting CVar [[r.Upscale.Quality:3]]
[2019.08.10-19.07.35:238][  0]LogConfig: Setting CVar [[r.Tonemapper.GrainQuantization:1]]
[2019.08.10-19.07.35:238][  0]LogConfig: Setting CVar [[r.LightShaftQuality:1]]
[2019.08.10-19.07.35:238][  0]LogConfig: Setting CVar [[r.Filter.SizeScale:1]]
[2019.08.10-19.07.35:238][  0]LogConfig: Setting CVar [[r.Tonemapper.Quality:5]]
[2019.08.10-19.07.35:238][  0]LogConfig: Setting CVar [[r.DOF.Gather.AccumulatorQuality:1        ; higher gathering accumulator quality]]
[2019.08.10-19.07.35:238][  0]LogConfig: Setting CVar [[r.DOF.Gather.PostfilterMethod:1          ; Median3x3 postfilering method]]
[2019.08.10-19.07.35:238][  0]LogConfig: Setting CVar [[r.DOF.Gather.EnableBokehSettings:0       ; no bokeh simulation when gathering]]
[2019.08.10-19.07.35:238][  0]LogConfig: Setting CVar [[r.DOF.Gather.RingCount:4                 ; medium number of samples when gathering]]
[2019.08.10-19.07.35:238][  0]LogConfig: Setting CVar [[r.DOF.Scatter.ForegroundCompositing:1    ; additive foreground scattering]]
[2019.08.10-19.07.35:238][  0]LogConfig: Setting CVar [[r.DOF.Scatter.BackgroundCompositing:2    ; additive background scattering]]
[2019.08.10-19.07.35:238][  0]LogConfig: Setting CVar [[r.DOF.Scatter.EnableBokehSettings:1      ; bokeh simulation when scattering]]
[2019.08.10-19.07.35:238][  0]LogConfig: Setting CVar [[r.DOF.Scatter.MaxSpriteRatio:0.1         ; only a maximum of 10% of scattered bokeh]]
[2019.08.10-19.07.35:238][  0]LogConfig: Setting CVar [[r.DOF.Recombine.Quality:1                ; cheap slight out of focus]]
[2019.08.10-19.07.35:238][  0]LogConfig: Setting CVar [[r.DOF.Recombine.EnableBokehSettings:0    ; no bokeh simulation on slight out of focus]]
[2019.08.10-19.07.35:238][  0]LogConfig: Setting CVar [[r.DOF.TemporalAAQuality:1                ; more stable temporal accumulation]]
[2019.08.10-19.07.35:238][  0]LogConfig: Setting CVar [[r.DOF.Kernel.MaxForegroundRadius:0.025]]
[2019.08.10-19.07.35:238][  0]LogConfig: Setting CVar [[r.DOF.Kernel.MaxBackgroundRadius:0.025]]
[2019.08.10-19.07.35:238][  0]LogConfig: Applying CVar settings from Section [TextureQuality@3] File [A:/GIT/Tutorials/AI-Zombie-MP-Tut/Saved/Config/Windows/Scalability.ini]
[2019.08.10-19.07.35:238][  0]LogConfig: Setting CVar [[r.Streaming.MipBias:0]]
[2019.08.10-19.07.35:238][  0]LogConfig: Setting CVar [[r.Streaming.AmortizeCPUToGPUCopy:0]]
[2019.08.10-19.07.35:238][  0]LogConfig: Setting CVar [[r.Streaming.MaxNumTexturesToStreamPerFrame:0]]
[2019.08.10-19.07.35:238][  0]LogConfig: Setting CVar [[r.Streaming.Boost:1]]
[2019.08.10-19.07.35:238][  0]LogConfig: Setting CVar [[r.MaxAnisotropy:8]]
[2019.08.10-19.07.35:238][  0]LogConfig: Setting CVar [[r.Streaming.LimitPoolSizeToVRAM:0]]
[2019.08.10-19.07.35:238][  0]LogConfig: Setting CVar [[r.Streaming.PoolSize:1000]]
[2019.08.10-19.07.35:238][  0]LogConfig: Setting CVar [[r.Streaming.MaxEffectiveScreenSize:0]]
[2019.08.10-19.07.35:239][  0]LogConfig: Applying CVar settings from Section [EffectsQuality@3] File [A:/GIT/Tutorials/AI-Zombie-MP-Tut/Saved/Config/Windows/Scalability.ini]
[2019.08.10-19.07.35:239][  0]LogConfig: Setting CVar [[r.TranslucencyLightingVolumeDim:64]]
[2019.08.10-19.07.35:239][  0]LogConfig: Setting CVar [[r.RefractionQuality:2]]
[2019.08.10-19.07.35:239][  0]LogConfig: Setting CVar [[r.SSR.Quality:3]]
[2019.08.10-19.07.35:239][  0]LogConfig: Setting CVar [[r.SceneColorFormat:4]]
[2019.08.10-19.07.35:239][  0]LogConfig: Setting CVar [[r.DetailMode:2]]
[2019.08.10-19.07.35:239][  0]LogConfig: Setting CVar [[r.TranslucencyVolumeBlur:1]]
[2019.08.10-19.07.35:239][  0]LogConfig: Setting CVar [[r.MaterialQualityLevel:1 ; High quality]]
[2019.08.10-19.07.35:239][  0]LogConfig: Setting CVar [[r.SSS.Scale:1]]
[2019.08.10-19.07.35:239][  0]LogConfig: Setting CVar [[r.SSS.SampleSet:2]]
[2019.08.10-19.07.35:239][  0]LogConfig: Setting CVar [[r.SSS.Quality:1]]
[2019.08.10-19.07.35:239][  0]LogConfig: Setting CVar [[r.SSS.HalfRes:1]]
[2019.08.10-19.07.35:239][  0]LogConfig: Setting CVar [[r.EmitterSpawnRateScale:1.0]]
[2019.08.10-19.07.35:239][  0]LogConfig: Setting CVar [[r.ParticleLightQuality:2]]
[2019.08.10-19.07.35:239][  0]LogConfig: Applying CVar settings from Section [FoliageQuality@3] File [A:/GIT/Tutorials/AI-Zombie-MP-Tut/Saved/Config/Windows/Scalability.ini]
[2019.08.10-19.07.35:239][  0]LogConfig: Setting CVar [[foliage.DensityScale:1.0]]
[2019.08.10-19.07.35:239][  0]LogConfig: Setting CVar [[grass.DensityScale:1.0]]
[2019.08.10-19.07.35:239][  0]LogInit: Selected Device Profile: [Windows]
[2019.08.10-19.07.35:239][  0]LogInit: Applying CVar settings loaded from the selected device profile: [Windows]
[2019.08.10-19.07.35:252][  0]LogHAL: Display: Platform has ~ 32 GB [34305929216 / 34359738368 / 32], which maps to Largest [LargestMinGB=32, LargerMinGB=12, DefaultMinGB=8, SmallerMinGB=6, SmallestMinGB=0)
[2019.08.10-19.07.35:253][  0]LogConfig: Setting CVar [[r.Vulkan.UseRealUBs:0		; Required until we fix HLR fall-out]]
[2019.08.10-19.07.35:253][  0]LogInit: Going up to parent DeviceProfile []
[2019.08.10-19.07.35:253][  0]LogConfig: Applying CVar settings from Section [ViewDistanceQuality@3] File [A:/GIT/Tutorials/AI-Zombie-MP-Tut/Saved/Config/Windows/Scalability.ini]
[2019.08.10-19.07.35:253][  0]LogConfig: Setting CVar [[r.SkeletalMeshLODBias:0]]
[2019.08.10-19.07.35:253][  0]LogConfig: Setting CVar [[r.ViewDistanceScale:1.0]]
[2019.08.10-19.07.35:253][  0]LogConfig: Applying CVar settings from Section [AntiAliasingQuality@3] File [A:/GIT/Tutorials/AI-Zombie-MP-Tut/Saved/Config/Windows/Scalability.ini]
[2019.08.10-19.07.35:253][  0]LogConfig: Setting CVar [[r.PostProcessAAQuality:4]]
[2019.08.10-19.07.35:253][  0]LogConfig: Applying CVar settings from Section [ShadowQuality@3] File [A:/GIT/Tutorials/AI-Zombie-MP-Tut/Saved/Config/Windows/Scalability.ini]
[2019.08.10-19.07.35:253][  0]LogConfig: Setting CVar [[r.LightFunctionQuality:1]]
[2019.08.10-19.07.35:253][  0]LogConfig: Setting CVar [[r.ShadowQuality:5]]
[2019.08.10-19.07.35:253][  0]LogConfig: Setting CVar [[r.Shadow.CSM.MaxCascades:10]]
[2019.08.10-19.07.35:253][  0]LogConfig: Setting CVar [[r.Shadow.MaxResolution:2048]]
[2019.08.10-19.07.35:253][  0]LogConfig: Setting CVar [[r.Shadow.MaxCSMResolution:2048]]
[2019.08.10-19.07.35:253][  0]LogConfig: Setting CVar [[r.Shadow.RadiusThreshold:0.01]]
[2019.08.10-19.07.35:253][  0]LogConfig: Setting CVar [[r.Shadow.DistanceScale:1.0]]
[2019.08.10-19.07.35:253][  0]LogConfig: Setting CVar [[r.Shadow.CSM.TransitionScale:1.0]]
[2019.08.10-19.07.35:253][  0]LogConfig: Setting CVar [[r.Shadow.PreShadowResolutionFactor:1.0]]
[2019.08.10-19.07.35:253][  0]LogConfig: Setting CVar [[r.DistanceFieldShadowing:1]]
[2019.08.10-19.07.35:253][  0]LogConfig: Setting CVar [[r.DistanceFieldAO:1]]
[2019.08.10-19.07.35:253][  0]LogConfig: Setting CVar [[r.AOQuality:2]]
[2019.08.10-19.07.35:253][  0]LogConfig: Setting CVar [[r.VolumetricFog:1]]
[2019.08.10-19.07.35:253][  0]LogConfig: Setting CVar [[r.VolumetricFog.GridPixelSize:8]]
[2019.08.10-19.07.35:253][  0]LogConfig: Setting CVar [[r.VolumetricFog.GridSizeZ:128]]
[2019.08.10-19.07.35:253][  0]LogConfig: Setting CVar [[r.VolumetricFog.HistoryMissSupersampleCount:4]]
[2019.08.10-19.07.35:253][  0]LogConfig: Setting CVar [[r.LightMaxDrawDistanceScale:1]]
[2019.08.10-19.07.35:253][  0]LogConfig: Setting CVar [[r.CapsuleShadows:1]]
[2019.08.10-19.07.35:253][  0]LogConfig: Applying CVar settings from Section [PostProcessQuality@3] File [A:/GIT/Tutorials/AI-Zombie-MP-Tut/Saved/Config/Windows/Scalability.ini]
[2019.08.10-19.07.35:253][  0]LogConfig: Setting CVar [[r.MotionBlurQuality:4]]
[2019.08.10-19.07.35:253][  0]LogConfig: Setting CVar [[r.AmbientOcclusionMipLevelFactor:0.4]]
[2019.08.10-19.07.35:253][  0]LogConfig: Setting CVar [[r.AmbientOcclusionMaxQuality:100]]
[2019.08.10-19.07.35:253][  0]LogConfig: Setting CVar [[r.AmbientOcclusionLevels:-1]]
[2019.08.10-19.07.35:253][  0]LogConfig: Setting CVar [[r.AmbientOcclusionRadiusScale:1.0]]
[2019.08.10-19.07.35:253][  0]LogConfig: Setting CVar [[r.DepthOfFieldQuality:2]]
[2019.08.10-19.07.35:253][  0]LogConfig: Setting CVar [[r.RenderTargetPoolMin:400]]
[2019.08.10-19.07.35:253][  0]LogConfig: Setting CVar [[r.LensFlareQuality:2]]
[2019.08.10-19.07.35:253][  0]LogConfig: Setting CVar [[r.SceneColorFringeQuality:1]]
[2019.08.10-19.07.35:253][  0]LogConfig: Setting CVar [[r.EyeAdaptationQuality:2]]
[2019.08.10-19.07.35:253][  0]LogConfig: Setting CVar [[r.BloomQuality:5]]
[2019.08.10-19.07.35:253][  0]LogConfig: Setting CVar [[r.FastBlurThreshold:100]]
[2019.08.10-19.07.35:253][  0]LogConfig: Setting CVar [[r.Upscale.Quality:3]]
[2019.08.10-19.07.35:253][  0]LogConfig: Setting CVar [[r.Tonemapper.GrainQuantization:1]]
[2019.08.10-19.07.35:253][  0]LogConfig: Setting CVar [[r.LightShaftQuality:1]]
[2019.08.10-19.07.35:253][  0]LogConfig: Setting CVar [[r.Filter.SizeScale:1]]
[2019.08.10-19.07.35:253][  0]LogConfig: Setting CVar [[r.Tonemapper.Quality:5]]
[2019.08.10-19.07.35:253][  0]LogConfig: Setting CVar [[r.DOF.Gather.AccumulatorQuality:1        ; higher gathering accumulator quality]]
[2019.08.10-19.07.35:253][  0]LogConfig: Setting CVar [[r.DOF.Gather.PostfilterMethod:1          ; Median3x3 postfilering method]]
[2019.08.10-19.07.35:253][  0]LogConfig: Setting CVar [[r.DOF.Gather.EnableBokehSettings:0       ; no bokeh simulation when gathering]]
[2019.08.10-19.07.35:253][  0]LogConfig: Setting CVar [[r.DOF.Gather.RingCount:4                 ; medium number of samples when gathering]]
[2019.08.10-19.07.35:253][  0]LogConfig: Setting CVar [[r.DOF.Scatter.ForegroundCompositing:1    ; additive foreground scattering]]
[2019.08.10-19.07.35:253][  0]LogConfig: Setting CVar [[r.DOF.Scatter.BackgroundCompositing:2    ; additive background scattering]]
[2019.08.10-19.07.35:253][  0]LogConfig: Setting CVar [[r.DOF.Scatter.EnableBokehSettings:1      ; bokeh simulation when scattering]]
[2019.08.10-19.07.35:253][  0]LogConfig: Setting CVar [[r.DOF.Scatter.MaxSpriteRatio:0.1         ; only a maximum of 10% of scattered bokeh]]
[2019.08.10-19.07.35:253][  0]LogConfig: Setting CVar [[r.DOF.Recombine.Quality:1                ; cheap slight out of focus]]
[2019.08.10-19.07.35:253][  0]LogConfig: Setting CVar [[r.DOF.Recombine.EnableBokehSettings:0    ; no bokeh simulation on slight out of focus]]
[2019.08.10-19.07.35:253][  0]LogConfig: Setting CVar [[r.DOF.TemporalAAQuality:1                ; more stable temporal accumulation]]
[2019.08.10-19.07.35:253][  0]LogConfig: Setting CVar [[r.DOF.Kernel.MaxForegroundRadius:0.025]]
[2019.08.10-19.07.35:253][  0]LogConfig: Setting CVar [[r.DOF.Kernel.MaxBackgroundRadius:0.025]]
[2019.08.10-19.07.35:253][  0]LogConfig: Applying CVar settings from Section [TextureQuality@3] File [A:/GIT/Tutorials/AI-Zombie-MP-Tut/Saved/Config/Windows/Scalability.ini]
[2019.08.10-19.07.35:253][  0]LogConfig: Setting CVar [[r.Streaming.MipBias:0]]
[2019.08.10-19.07.35:253][  0]LogConfig: Setting CVar [[r.Streaming.AmortizeCPUToGPUCopy:0]]
[2019.08.10-19.07.35:253][  0]LogConfig: Setting CVar [[r.Streaming.MaxNumTexturesToStreamPerFrame:0]]
[2019.08.10-19.07.35:253][  0]LogConfig: Setting CVar [[r.Streaming.Boost:1]]
[2019.08.10-19.07.35:253][  0]LogConfig: Setting CVar [[r.MaxAnisotropy:8]]
[2019.08.10-19.07.35:253][  0]LogConfig: Setting CVar [[r.Streaming.LimitPoolSizeToVRAM:0]]
[2019.08.10-19.07.35:253][  0]LogConfig: Setting CVar [[r.Streaming.PoolSize:1000]]
[2019.08.10-19.07.35:253][  0]LogConfig: Setting CVar [[r.Streaming.MaxEffectiveScreenSize:0]]
[2019.08.10-19.07.35:253][  0]LogConfig: Applying CVar settings from Section [EffectsQuality@3] File [A:/GIT/Tutorials/AI-Zombie-MP-Tut/Saved/Config/Windows/Scalability.ini]
[2019.08.10-19.07.35:253][  0]LogConfig: Setting CVar [[r.TranslucencyLightingVolumeDim:64]]
[2019.08.10-19.07.35:253][  0]LogConfig: Setting CVar [[r.RefractionQuality:2]]
[2019.08.10-19.07.35:253][  0]LogConfig: Setting CVar [[r.SSR.Quality:3]]
[2019.08.10-19.07.35:253][  0]LogConfig: Setting CVar [[r.SceneColorFormat:4]]
[2019.08.10-19.07.35:253][  0]LogConfig: Setting CVar [[r.DetailMode:2]]
[2019.08.10-19.07.35:253][  0]LogConfig: Setting CVar [[r.TranslucencyVolumeBlur:1]]
[2019.08.10-19.07.35:254][  0]LogConfig: Setting CVar [[r.MaterialQualityLevel:1 ; High quality]]
[2019.08.10-19.07.35:254][  0]LogConfig: Setting CVar [[r.SSS.Scale:1]]
[2019.08.10-19.07.35:254][  0]LogConfig: Setting CVar [[r.SSS.SampleSet:2]]
[2019.08.10-19.07.35:254][  0]LogConfig: Setting CVar [[r.SSS.Quality:1]]
[2019.08.10-19.07.35:254][  0]LogConfig: Setting CVar [[r.SSS.HalfRes:1]]
[2019.08.10-19.07.35:254][  0]LogConfig: Setting CVar [[r.EmitterSpawnRateScale:1.0]]
[2019.08.10-19.07.35:254][  0]LogConfig: Setting CVar [[r.ParticleLightQuality:2]]
[2019.08.10-19.07.35:254][  0]LogConfig: Applying CVar settings from Section [FoliageQuality@3] File [A:/GIT/Tutorials/AI-Zombie-MP-Tut/Saved/Config/Windows/Scalability.ini]
[2019.08.10-19.07.35:254][  0]LogConfig: Setting CVar [[foliage.DensityScale:1.0]]
[2019.08.10-19.07.35:254][  0]LogConfig: Setting CVar [[grass.DensityScale:1.0]]
[2019.08.10-19.07.35:254][  0]LogConfig: Applying CVar settings from Section [Startup] File [../../../Engine/Config/ConsoleVariables.ini]
[2019.08.10-19.07.35:254][  0]LogConfig: Setting CVar [[net.UseAdaptiveNetUpdateFrequency:0]]
[2019.08.10-19.07.35:254][  0]LogConfig: Setting CVar [[p.chaos.AllowCreatePhysxBodies:1]]
[2019.08.10-19.07.35:254][  0]LogConfig: Applying CVar settings from Section [ConsoleVariables] File [A:/GIT/Tutorials/AI-Zombie-MP-Tut/Saved/Config/Windows/Engine.ini]
[2019.08.10-19.07.35:254][  0]LogInit: Computer: DESKTOP-N53GCT6
[2019.08.10-19.07.35:254][  0]LogInit: User: death
[2019.08.10-19.07.35:254][  0]LogInit: CPU Page size=4096, Cores=4
[2019.08.10-19.07.35:254][  0]LogInit: High frequency timer resolution =10.000000 MHz
[2019.08.10-19.07.35:255][  0]LogMemory: Memory total: Physical=31.9GB (32GB approx)
[2019.08.10-19.07.35:255][  0]LogMemory: Platform Memory Stats for Windows
[2019.08.10-19.07.35:255][  0]LogMemory: Process Physical Memory: 99.70 MB used, 99.70 MB peak
[2019.08.10-19.07.35:255][  0]LogMemory: Process Virtual Memory: 96.32 MB used, 96.32 MB peak
[2019.08.10-19.07.35:255][  0]LogMemory: Physical Memory: 13374.25 MB used,  19342.43 MB free, 32716.68 MB total
[2019.08.10-19.07.35:255][  0]LogMemory: Virtual Memory: 4650.20 MB used,  134213080.00 MB free, 134217728.00 MB total
[2019.08.10-19.07.35:304][  0]LogInit: Using OS detected language (en-US).
[2019.08.10-19.07.35:304][  0]LogInit: Using OS detected locale (en-US).
[2019.08.10-19.07.35:308][  0]LogTextLocalizationManager: No specific localization for 'en-US' exists, so the 'en' localization will be used.
[2019.08.10-19.07.35:562][  0]LogInit: Setting process to per monitor DPI aware
[2019.08.10-19.07.35:662][  0]LogSlate: New Slate User Created.  User Index 0, Is Virtual User: 0
[2019.08.10-19.07.35:662][  0]LogSlate: Slate User Registered.  User Index 0, Is Virtual User: 0
[2019.08.10-19.07.36:217][  0]LogHMD: Failed to initialize OpenVR with code 110
[2019.08.10-19.07.36:217][  0]LogD3D11RHI: D3D11 adapters:
[2019.08.10-19.07.36:307][  0]LogD3D11RHI:    0. 'NVIDIA GeForce GTX 1070' (Feature Level 11_0)
[2019.08.10-19.07.36:307][  0]LogD3D11RHI:       8088/0/16358 MB DedicatedVideo/DedicatedSystem/SharedSystem, Outputs:2, VendorId:0x10de
[2019.08.10-19.07.36:311][  0]LogD3D11RHI:    1. 'Microsoft Basic Render Driver' (Feature Level 11_0)
[2019.08.10-19.07.36:311][  0]LogD3D11RHI:       0/0/16358 MB DedicatedVideo/DedicatedSystem/SharedSystem, Outputs:0, VendorId:0x1414
[2019.08.10-19.07.36:311][  0]LogD3D11RHI: Chosen D3D11 Adapter: 0
[2019.08.10-19.07.36:327][  0]LogD3D11RHI: Creating new Direct3DDevice
[2019.08.10-19.07.36:327][  0]LogD3D11RHI:     GPU DeviceId: 0x1b81 (for the marketing name, search the web for "GPU Device Id")
[2019.08.10-19.07.36:327][  0]LogWindows: EnumDisplayDevices:
[2019.08.10-19.07.36:327][  0]LogWindows:    0. 'NVIDIA GeForce GTX 1070' (P:1 D:1)
[2019.08.10-19.07.36:328][  0]LogWindows:    1. 'NVIDIA GeForce GTX 1070' (P:0 D:1)
[2019.08.10-19.07.36:328][  0]LogWindows:    2. 'NVIDIA GeForce GTX 1070' (P:0 D:0)
[2019.08.10-19.07.36:330][  0]LogWindows:    3. 'NVIDIA GeForce GTX 1070' (P:0 D:0)
[2019.08.10-19.07.36:330][  0]LogWindows: DebugString: FoundDriverCount:4 
[2019.08.10-19.07.36:330][  0]LogD3D11RHI:     Adapter Name: NVIDIA GeForce GTX 1070
[2019.08.10-19.07.36:330][  0]LogD3D11RHI:   Driver Version: 431.60 (internal:26.21.14.3160, unified:431.60)
[2019.08.10-19.07.36:330][  0]LogD3D11RHI:      Driver Date: 7-17-2019
[2019.08.10-19.07.36:330][  0]LogRHI: Texture pool is 5661 MB (70% of 8088 MB)
[2019.08.10-19.07.36:396][  0]LogD3D11RHI: Async texture creation enabled
[2019.08.10-19.07.36:415][  0]LogRendererCore: FGlobalReadBuffer::InitRHI
[2019.08.10-19.07.36:416][  0]LogRendererCore: FGlobalReadBuffer::InitRHI
[2019.08.10-19.07.36:416][  0]LogRendererCore: FGlobalReadBuffer::InitRHI
[2019.08.10-19.07.36:425][  0]LogD3D11RHI: GPU Timing Frequency: 1000.000000 (Debug: 2 1)
[2019.08.10-19.07.37:155][  0]LogTemp: Display: Module 'AllDesktopTargetPlatform' loaded TargetPlatform 'AllDesktop'
[2019.08.10-19.07.37:178][  0]LogTemp: Display: Module 'MacClientTargetPlatform' loaded TargetPlatform 'MacClient'
[2019.08.10-19.07.37:201][  0]LogTemp: Display: Module 'MacNoEditorTargetPlatform' loaded TargetPlatform 'MacNoEditor'
[2019.08.10-19.07.37:226][  0]LogTemp: Display: Module 'MacServerTargetPlatform' loaded TargetPlatform 'MacServer'
[2019.08.10-19.07.37:247][  0]LogTemp: Display: Module 'MacTargetPlatform' loaded TargetPlatform 'Mac'
[2019.08.10-19.07.37:267][  0]LogTemp: Display: Module 'WindowsClientTargetPlatform' loaded TargetPlatform 'WindowsClient'
[2019.08.10-19.07.37:289][  0]LogTemp: Display: Module 'WindowsNoEditorTargetPlatform' loaded TargetPlatform 'WindowsNoEditor'
[2019.08.10-19.07.37:310][  0]LogTemp: Display: Module 'WindowsServerTargetPlatform' loaded TargetPlatform 'WindowsServer'
[2019.08.10-19.07.37:321][  0]LogTemp: Display: Module 'WindowsTargetPlatform' loaded TargetPlatform 'Windows'
[2019.08.10-19.07.37:451][  0]LogTemp: Display: Module 'AndroidTargetPlatform' loaded TargetPlatform 'Android'
[2019.08.10-19.07.37:451][  0]LogTemp: Display: Module 'AndroidTargetPlatform' loaded TargetPlatform 'Android_ASTC'
[2019.08.10-19.07.37:451][  0]LogTemp: Display: Module 'AndroidTargetPlatform' loaded TargetPlatform 'Android_ATC'
[2019.08.10-19.07.37:451][  0]LogTemp: Display: Module 'AndroidTargetPlatform' loaded TargetPlatform 'Android_DXT'
[2019.08.10-19.07.37:451][  0]LogTemp: Display: Module 'AndroidTargetPlatform' loaded TargetPlatform 'Android_ETC1'
[2019.08.10-19.07.37:451][  0]LogTemp: Display: Module 'AndroidTargetPlatform' loaded TargetPlatform 'Android_ETC1a'
[2019.08.10-19.07.37:451][  0]LogTemp: Display: Module 'AndroidTargetPlatform' loaded TargetPlatform 'Android_ETC2'
[2019.08.10-19.07.37:451][  0]LogTemp: Display: Module 'AndroidTargetPlatform' loaded TargetPlatform 'Android_PVRTC'
[2019.08.10-19.07.37:451][  0]LogTemp: Display: Module 'AndroidTargetPlatform' loaded TargetPlatform 'AndroidClient'
[2019.08.10-19.07.37:451][  0]LogTemp: Display: Module 'AndroidTargetPlatform' loaded TargetPlatform 'Android_ASTCClient'
[2019.08.10-19.07.37:451][  0]LogTemp: Display: Module 'AndroidTargetPlatform' loaded TargetPlatform 'Android_ATCClient'
[2019.08.10-19.07.37:451][  0]LogTemp: Display: Module 'AndroidTargetPlatform' loaded TargetPlatform 'Android_DXTClient'
[2019.08.10-19.07.37:451][  0]LogTemp: Display: Module 'AndroidTargetPlatform' loaded TargetPlatform 'Android_ETC1Client'
[2019.08.10-19.07.37:451][  0]LogTemp: Display: Module 'AndroidTargetPlatform' loaded TargetPlatform 'Android_ETC1aClient'
[2019.08.10-19.07.37:451][  0]LogTemp: Display: Module 'AndroidTargetPlatform' loaded TargetPlatform 'Android_ETC2Client'
[2019.08.10-19.07.37:451][  0]LogTemp: Display: Module 'AndroidTargetPlatform' loaded TargetPlatform 'Android_PVRTCClient'
[2019.08.10-19.07.37:451][  0]LogTemp: Display: Module 'AndroidTargetPlatform' loaded TargetPlatform 'Android_Multi'
[2019.08.10-19.07.37:452][  0]LogTemp: Display: Module 'AndroidTargetPlatform' loaded TargetPlatform 'Android_MultiClient'
[2019.08.10-19.07.37:455][  0]LogTemp: Display: Module 'HTML5TargetPlatform' loaded TargetPlatform 'HTML5'
[2019.08.10-19.07.37:528][  0]LogTemp: Display: Module 'IOSTargetPlatform' loaded TargetPlatform 'IOSClient'
[2019.08.10-19.07.37:528][  0]LogTemp: Display: Module 'IOSTargetPlatform' loaded TargetPlatform 'IOS'
[2019.08.10-19.07.37:564][  0]LogTemp: Display: Module 'TVOSTargetPlatform' loaded TargetPlatform 'TVOSClient'
[2019.08.10-19.07.37:564][  0]LogTemp: Display: Module 'TVOSTargetPlatform' loaded TargetPlatform 'TVOS'
[2019.08.10-19.07.37:582][  0]LogTemp: Display: Module 'LinuxClientTargetPlatform' loaded TargetPlatform 'LinuxClient'
[2019.08.10-19.07.37:601][  0]LogTemp: Display: Module 'LinuxNoEditorTargetPlatform' loaded TargetPlatform 'LinuxNoEditor'
[2019.08.10-19.07.37:622][  0]LogTemp: Display: Module 'LinuxServerTargetPlatform' loaded TargetPlatform 'LinuxServer'
[2019.08.10-19.07.37:639][  0]LogTemp: Display: Module 'LinuxTargetPlatform' loaded TargetPlatform 'Linux'
[2019.08.10-19.07.37:710][  0]LogTemp: Display: Module 'LuminTargetPlatform' loaded TargetPlatform 'Lumin'
[2019.08.10-19.07.37:710][  0]LogTemp: Display: Module 'LuminTargetPlatform' loaded TargetPlatform 'LuminClient'
[2019.08.10-19.07.37:710][  0]LogTargetPlatformManager: Display: Building Assets For Windows
[2019.08.10-19.07.37:725][  0]LogAudioDebug: Display: Lib vorbis DLL was dynamically loaded.
[2019.08.10-19.07.37:809][  0]LogShaderCompilers: Guid format shader working directory is -6 characters bigger than the processId version (../../../../../../../GIT/Tutorials/AI-Zombie-MP-Tut/Intermediate/Shaders/WorkingDirectory/17360/).
[2019.08.10-19.07.37:810][  0]LogShaderCompilers: Cleaned the shader compiler working directory 'C:/Users/death/AppData/Local/Temp/UnrealShaderWorkingDir/6FC84F2C43E1E9F1BAC5E4B39EE858FB/'.
[2019.08.10-19.07.37:814][  0]LogXGEController: Cannot use XGE Controller as Incredibuild is not installed on this machine.
[2019.08.10-19.07.37:814][  0]LogShaderCompilers: Cannot use XGE Shader Compiler as Incredibuild is not installed on this machine.
[2019.08.10-19.07.37:815][  0]LogShaderCompilers: Display: Using Local Shader Compiler.
[2019.08.10-19.07.38:611][  0]LogDerivedDataCache: Display: Max Cache Size: 512 MB
[2019.08.10-19.07.38:680][  0]LogDerivedDataCache: Loaded boot cache 0.07s 67MB C:/Users/death/AppData/Local/UnrealEngine/4.22/DerivedDataCache/Boot.ddc.
[2019.08.10-19.07.38:680][  0]LogDerivedDataCache: Display: Loaded Boot cache: C:/Users/death/AppData/Local/UnrealEngine/4.22/DerivedDataCache/Boot.ddc
[2019.08.10-19.07.38:680][  0]LogDerivedDataCache: FDerivedDataBackendGraph:  Pak pak cache file ../../../../../../../GIT/Tutorials/AI-Zombie-MP-Tut/DerivedDataCache/DDC.ddp not found, will not use a pak cache.
[2019.08.10-19.07.38:680][  0]LogDerivedDataCache: Unable to find inner node Pak for hierarchical cache Hierarchy.
[2019.08.10-19.07.38:680][  0]LogDerivedDataCache: FDerivedDataBackendGraph:  CompressedPak pak cache file ../../../../../../../GIT/Tutorials/AI-Zombie-MP-Tut/DerivedDataCache/Compressed.ddp not found, will not use a pak cache.
[2019.08.10-19.07.38:680][  0]LogDerivedDataCache: Unable to find inner node CompressedPak for hierarchical cache Hierarchy.
[2019.08.10-19.07.38:696][  0]LogDerivedDataCache: Display: Pak cache opened for reading ../../../Engine/DerivedDataCache/Compressed.ddp.
[2019.08.10-19.07.38:696][  0]LogDerivedDataCache: FDerivedDataBackendGraph:  EnterprisePak pak cache file ../../../Enterprise/DerivedDataCache/Compressed.ddp not found, will not use a pak cache.
[2019.08.10-19.07.38:696][  0]LogDerivedDataCache: Unable to find inner node EnterprisePak for hierarchical cache Hierarchy.
[2019.08.10-19.07.38:709][  0]LogDerivedDataCache: Using Local data cache path C:/Users/death/AppData/Local/UnrealEngine/Common/DerivedDataCache: Writable
[2019.08.10-19.07.38:709][  0]LogDerivedDataCache: Shared data cache path not found in *engine.ini, will not use an Shared cache.
[2019.08.10-19.07.38:709][  0]LogDerivedDataCache: Unable to find inner node Shared for hierarchical cache Hierarchy.
[2019.08.10-19.07.38:747][  0]LogMaterial: Verifying Global Shaders for PCD3D_SM5
[2019.08.10-19.07.38:749][  0]LogSlate: Using FreeType 2.6.0
[2019.08.10-19.07.38:751][  0]LogSlate: SlateFontServices - WITH_FREETYPE: 1, WITH_HARFBUZZ: 1
[2019.08.10-19.07.38:901][  0]LogAssetRegistry: FAssetRegistry took 0.0378 seconds to start up
[2019.08.10-19.07.39:405][  0]LogInit: Selected Device Profile: [Windows]
[2019.08.10-19.07.39:628][  0]LogMeshReduction: Using QuadricMeshReduction for automatic static mesh reduction
[2019.08.10-19.07.39:628][  0]LogMeshReduction: Using SimplygonMeshReduction for automatic skeletal mesh reduction
[2019.08.10-19.07.39:628][  0]LogMeshReduction: Using ProxyLODMeshReduction for automatic mesh merging
[2019.08.10-19.07.39:628][  0]LogMeshReduction: No distributed automatic mesh merging module available
[2019.08.10-19.07.39:628][  0]LogMeshMerging: No distributed automatic mesh merging module available
[2019.08.10-19.07.39:642][  0]LogNetVersion: AI-Zombie-MP-Tut 1.0.0, NetCL: 5660361, EngineNetVer: 10, GameNetVer: 0 (Checksum: 1873300104)
[2019.08.10-19.07.40:267][  0]LogPackageLocalizationCache: Processed 10 localized package path(s) for 1 prioritized culture(s) in 0.066790 seconds
[2019.08.10-19.07.40:281][  0]LogUObjectArray: 42205 objects as part of root set at end of initial load.
[2019.08.10-19.07.40:281][  0]LogUObjectAllocator: 7325032 out of 0 bytes used by permanent object pool.
[2019.08.10-19.07.40:281][  0]LogUObjectArray: CloseDisregardForGC: 0/0 objects in disregard for GC pool
[2019.08.10-19.07.41:851][  0]LogTcpMessaging: Initializing TcpMessaging bridge
[2019.08.10-19.07.41:867][  0]LogUdpMessaging: Initializing bridge on interface 0.0.0.0:0 to multicast group 230.0.0.1:6666.
[2019.08.10-19.07.42:019][  0]SourceControl: Source control is disabled
[2019.08.10-19.07.42:019][  0]SourceControl: Source control is disabled
[2019.08.10-19.07.42:021][  0]SourceControl: Source control is disabled
[2019.08.10-19.07.42:024][  0]SourceControl: Source control is disabled
[2019.08.10-19.07.42:170][  0]LogAndroidPermission: UAndroidPermissionCallbackProxy::GetInstance
[2019.08.10-19.07.42:350][  0]LogOcInput: OculusInput pre-init called
[2019.08.10-19.07.43:636][  0]LogEngine: Initializing Engine...
[2019.08.10-19.07.43:636][  0]LogHMD: Failed to initialize OpenVR with code 110
[2019.08.10-19.07.43:638][  0]LogStats: UGameplayTagsManager::InitializeManager -  0.001 s
[2019.08.10-19.07.43:925][  0]LogInit: Initializing FReadOnlyCVARCache
[2019.08.10-19.07.43:950][  0]LogAIModule: Creating AISystem for world Untitled
[2019.08.10-19.07.44:001][  0]LogInit: XAudio2 using 'Speakers (High Definition Audio Device)' : 2 channels at 48 kHz using 16 bits per sample (channel mask 0x3)
[2019.08.10-19.07.44:045][  0]LogInit: FAudioDevice initialized.
[2019.08.10-19.07.44:045][  0]LogNetVersion: Set ProjectVersion to 1.0.0.0. Version Checksum will be recalculated on next use.
[2019.08.10-19.07.44:142][  0]LogDerivedDataCache: Saved boot cache 0.10s 67MB C:/Users/death/AppData/Local/UnrealEngine/4.22/DerivedDataCache/Boot.ddc.
[2019.08.10-19.07.44:148][  0]LogInit: Texture streaming: Enabled
[2019.08.10-19.07.44:187][  0]LogEngineSessionManager: EngineSessionManager initialized
[2019.08.10-19.07.44:221][  0]LogInit: Transaction tracking system initialized
[2019.08.10-19.07.44:267][  0]BlueprintLog: New page: Editor Load
[2019.08.10-19.07.44:408][  0]LocalizationService: Localization service is disabled
[2019.08.10-19.07.44:897][  0]LogFileCache: Scanning file cache for directory 'A:/GIT/Tutorials/AI-Zombie-MP-Tut/Content/' took 0.02s
[2019.08.10-19.07.44:897][  0]LogCook: Display: Max memory allowance for cook 16384mb min free memory 0mb
[2019.08.10-19.07.44:897][  0]LogCook: Display: Mobile HDR setting 1
[2019.08.10-19.07.45:247][  0]SourceControl: Source control is disabled
[2019.08.10-19.07.45:247][  0]Cmd: MAP LOAD FILE="../../../../../../../GIT/Tutorials/AI-Zombie-MP-Tut/Content/Framework/Maps/MAP_DetectionZombiesWithSightCheck.umap" TEMPLATE=0 SHOWPROGRESS=1 FEATURELEVEL=3
[2019.08.10-19.07.45:248][  0]LightingResults: New page: Lighting Build
[2019.08.10-19.07.45:251][  0]MapCheck: New page: Map Check
[2019.08.10-19.07.45:252][  0]LightingResults: New page: Lighting Build
[2019.08.10-19.07.45:288][  0]LogUObjectHash: Compacting FUObjectHashTables data took   5.20ms
[2019.08.10-19.07.45:905][  0]LogAIModule: Creating AISystem for world MAP_DetectionZombiesWithSightCheck
[2019.08.10-19.07.45:960][  0]LogEditorServer: Finished looking for orphan Actors (0.000 secs)
[2019.08.10-19.07.46:001][  0]LogUObjectHash: Compacting FUObjectHashTables data took   4.73ms
[2019.08.10-19.07.46:001][  0]Cmd: MAP CHECKDEP NOCLEARLOG
[2019.08.10-19.07.46:001][  0]MapCheck: Map check complete: 0 Error(s), 0 Warning(s), took 0.129ms to complete.
[2019.08.10-19.07.46:001][  0]LogFileHelpers: Loading map 'MAP_DetectionZombiesWithSightCheck' took 0.754
[2019.08.10-19.07.46:323][  0]LogSlate: Updating window title bar state: overlay mode, drag disabled, window buttons hidden, title bar hidden
[2019.08.10-19.07.46:340][  0]LogSlate: Updating window title bar state: overlay mode, drag disabled, window buttons hidden, title bar hidden
[2019.08.10-19.07.46:352][  0]LogSlate: Updating window title bar state: overlay mode, drag disabled, window buttons hidden, title bar hidden
[2019.08.10-19.07.46:365][  0]LogSlate: Updating window title bar state: overlay mode, drag disabled, window buttons hidden, title bar hidden
[2019.08.10-19.07.46:409][  0]LogSlate: Took 0.000897 seconds to synchronously load lazily loaded font '../../../Engine/Content/Slate/Fonts/Roboto-Regular.ttf' (155K)
[2019.08.10-19.07.48:386][  0]LogSlate: Only BGRA pngs, bmps or icos are supported in by External Image Picker
[2019.08.10-19.07.48:427][  0]LogCollectionManager: Loaded 0 collections in 0.003031 seconds
[2019.08.10-19.07.48:472][  0]LogFileCache: Scanning file cache for directory 'A:/GIT/Tutorials/AI-Zombie-MP-Tut/Saved/Collections/' took 0.01s
[2019.08.10-19.07.48:472][  0]LogFileCache: Scanning file cache for directory 'A:/GIT/Tutorials/AI-Zombie-MP-Tut/Content/Developers/death/Collections/' took 0.01s
[2019.08.10-19.07.48:472][  0]LogFileCache: Scanning file cache for directory 'A:/GIT/Tutorials/AI-Zombie-MP-Tut/Content/Collections/' took 0.01s
[2019.08.10-19.07.48:472][  0]LogCollectionManager: Rebuilt the GUID cache for 0 collections in 0.000001 seconds
[2019.08.10-19.07.48:484][  0]LogContentBrowser: Native class hierarchy populated in 0.0117 seconds. Added 2739 classes and 661 folders.
[2019.08.10-19.07.48:495][  0]LogContentBrowser: Native class hierarchy updated for 'WidgetCarousel' in 0.0004 seconds. Added 0 classes and 0 folders.
[2019.08.10-19.07.48:500][  0]LogPakFile: Registered encryption key '00000000000000000000000000000000': 0 pak files mounted, 0 remain pending
[2019.08.10-19.07.48:502][  0]LogPakFile: Registered encryption key '00000000000000000000000000000000': 0 pak files mounted, 0 remain pending
[2019.08.10-19.07.48:504][  0]LogPakFile: Registered encryption key '00000000000000000000000000000000': 0 pak files mounted, 0 remain pending
[2019.08.10-19.07.48:505][  0]LogPakFile: Registered encryption key '00000000000000000000000000000000': 0 pak files mounted, 0 remain pending
[2019.08.10-19.07.48:507][  0]LogPakFile: Registered encryption key '00000000000000000000000000000000': 0 pak files mounted, 0 remain pending
[2019.08.10-19.07.48:508][  0]LogPakFile: Registered encryption key '00000000000000000000000000000000': 0 pak files mounted, 0 remain pending
[2019.08.10-19.07.48:510][  0]LogPakFile: Registered encryption key '00000000000000000000000000000000': 0 pak files mounted, 0 remain pending
[2019.08.10-19.07.48:511][  0]LogPakFile: Registered encryption key '00000000000000000000000000000000': 0 pak files mounted, 0 remain pending
[2019.08.10-19.07.48:512][  0]LogPakFile: Registered encryption key '00000000000000000000000000000000': 0 pak files mounted, 0 remain pending
[2019.08.10-19.07.48:514][  0]LogPakFile: Registered encryption key '00000000000000000000000000000000': 0 pak files mounted, 0 remain pending
[2019.08.10-19.07.48:515][  0]LogPakFile: Registered encryption key '00000000000000000000000000000000': 0 pak files mounted, 0 remain pending
[2019.08.10-19.07.48:517][  0]LogPakFile: Registered encryption key '00000000000000000000000000000000': 0 pak files mounted, 0 remain pending
[2019.08.10-19.07.48:519][  0]LogPakFile: Registered encryption key '00000000000000000000000000000000': 0 pak files mounted, 0 remain pending
[2019.08.10-19.07.48:521][  0]LogPakFile: Registered encryption key '00000000000000000000000000000000': 0 pak files mounted, 0 remain pending
[2019.08.10-19.07.48:522][  0]LogPakFile: Registered encryption key '00000000000000000000000000000000': 0 pak files mounted, 0 remain pending
[2019.08.10-19.07.48:524][  0]LogPakFile: Registered encryption key '00000000000000000000000000000000': 0 pak files mounted, 0 remain pending
[2019.08.10-19.07.48:525][  0]LogPakFile: Registered encryption key '00000000000000000000000000000000': 0 pak files mounted, 0 remain pending
[2019.08.10-19.07.48:527][  0]LogPakFile: Registered encryption key '00000000000000000000000000000000': 0 pak files mounted, 0 remain pending
[2019.08.10-19.07.48:528][  0]LogPakFile: Registered encryption key '00000000000000000000000000000000': 0 pak files mounted, 0 remain pending
[2019.08.10-19.07.48:528][  0]LogPakFile: Registered encryption key '00000000000000000000000000000000': 0 pak files mounted, 0 remain pending
[2019.08.10-19.07.48:530][  0]LogPakFile: Registered encryption key '00000000000000000000000000000000': 0 pak files mounted, 0 remain pending
[2019.08.10-19.07.48:531][  0]LogPakFile: Registered encryption key '00000000000000000000000000000000': 0 pak files mounted, 0 remain pending
[2019.08.10-19.07.48:532][  0]LogPakFile: Registered encryption key '00000000000000000000000000000000': 0 pak files mounted, 0 remain pending
[2019.08.10-19.07.48:534][  0]LogPakFile: Registered encryption key '00000000000000000000000000000000': 0 pak files mounted, 0 remain pending
[2019.08.10-19.07.48:535][  0]LogPakFile: Registered encryption key '00000000000000000000000000000000': 0 pak files mounted, 0 remain pending
[2019.08.10-19.07.48:537][  0]LogPakFile: Registered encryption key '00000000000000000000000000000000': 0 pak files mounted, 0 remain pending
[2019.08.10-19.07.48:664][  0]LogContentBrowser: Native class hierarchy updated for 'AddContentDialog' in 0.0007 seconds. Added 0 classes and 0 folders.
[2019.08.10-19.07.48:689][  0]LogContentBrowser: Native class hierarchy updated for 'SceneOutliner' in 0.0006 seconds. Added 1 classes and 2 folders.
[2019.08.10-19.07.48:706][  0]LogContentBrowser: Native class hierarchy updated for 'WorldBrowser' in 0.0007 seconds. Added 2 classes and 3 folders.
[2019.08.10-19.07.48:739][  0]LogSlate: Took 0.000591 seconds to synchronously load lazily loaded font '../../../Engine/Content/Slate/Fonts/Roboto-Bold.ttf' (160K)
[2019.08.10-19.07.48:744][  0]LogSlate: Took 0.000942 seconds to synchronously load lazily loaded font '../../../Engine/Content/Editor/Slate/Fonts/FontAwesome.ttf' (139K)
[2019.08.10-19.07.48:868][  0]LogRenderer: Reallocating scene render targets to support 1568x696 Format 10 NumSamples 1 (Frame:1).
[2019.08.10-19.07.49:049][  0]LogContentBrowser: Native class hierarchy updated for 'HierarchicalLODOutliner' in 0.0005 seconds. Added 0 classes and 0 folders.
[2019.08.10-19.07.49:049][  0]LogLoad: (Engine Initialization) Total time: 18.76 seconds
[2019.08.10-19.07.49:049][  0]LogLoad: (Engine Initialization) Total Blueprint compile time: 0.00 seconds
[2019.08.10-19.07.49:685][  0]LogAssetRegistry: Asset discovery search completed in 10.8067 seconds
[2019.08.10-19.07.49:688][  0]LogCollectionManager: Rebuilt the object cache for 0 collections in 0.000000 seconds (found 0 objects)
[2019.08.10-19.07.49:688][  0]LogCollectionManager: Fixed up redirectors for 0 collections in 0.000060 seconds (updated 0 objects)
[2019.08.10-19.07.49:688][  0]LogContentStreaming: Texture pool size now 1000 MB
[2019.08.10-19.07.51:046][ 63]LogSlate: FSceneViewport::OnFocusLost() reason 0
[2019.08.10-19.08.12:990][991]LogSlate: Took 0.000482 seconds to synchronously load lazily loaded font '../../../Engine/Content/Slate/Fonts/Roboto-Light.ttf' (167K)
[2019.08.10-19.08.13:007][991]LogAssetEditorManager: Opening Asset editor for Blueprint /Game/Framework/Core/BP_AI_Base.BP_AI_Base
[2019.08.10-19.08.13:391][991]LogContentBrowser: Native class hierarchy updated for 'BlueprintGraph' in 0.0007 seconds. Added 121 classes and 0 folders.
[2019.08.10-19.08.15:468][991]LogSlate: Took 0.000642 seconds to synchronously load lazily loaded font '../../../Engine/Content/Slate/Fonts/Roboto-BoldCondensed.ttf' (158K)
[2019.08.10-19.08.15:910][992]LogSlate: Took 0.000658 seconds to synchronously load lazily loaded font '../../../Engine/Content/Slate/Fonts/Roboto-Italic.ttf' (157K)
[2019.08.10-19.08.40:103][832]BlueprintLog: New page: Compile BP_AI_Base
[2019.08.10-19.08.40:990][832]LogUObjectHash: Compacting FUObjectHashTables data took   4.60ms
[2019.08.10-19.08.41:096][832]Cmd: OBJ SAVEPACKAGE PACKAGE="/Game/Framework/Core/BP_AI_Base" FILE="../../../../../../../GIT/Tutorials/AI-Zombie-MP-Tut/Content/Framework/Core/BP_AI_Base.uasset" SILENT=true
[2019.08.10-19.08.41:284][832]LogSavePackage: Moving '../../../../../../../GIT/Tutorials/AI-Zombie-MP-Tut/Saved/BP_AI_Base7E272FCF4876F65953EBE9A9A0416398.tmp' to '../../../../../../../GIT/Tutorials/AI-Zombie-MP-Tut/Content/Framework/Core/BP_AI_Base.uasset'
[2019.08.10-19.08.41:326][832]Cmd: OBJ SAVEPACKAGE PACKAGE="/Game/Framework/Blueprints/BP_AI_SightZom" FILE="../../../../../../../GIT/Tutorials/AI-Zombie-MP-Tut/Content/Framework/Blueprints/BP_AI_SightZom.uasset" SILENT=true
[2019.08.10-19.08.41:455][832]LogSavePackage: Moving '../../../../../../../GIT/Tutorials/AI-Zombie-MP-Tut/Saved/BP_AI_SightZom3517CBDE40F5BEED9A7778BDD6BF3386.tmp' to '../../../../../../../GIT/Tutorials/AI-Zombie-MP-Tut/Content/Framework/Blueprints/BP_AI_SightZom.uasset'
[2019.08.10-19.08.43:682][916]LogUObjectHash: Compacting FUObjectHashTables data took   4.15ms
[2019.08.10-19.08.44:610][916]LogSlate: Window 'Save Content' being destroyed
[2019.08.10-19.08.44:736][916]LogUObjectHash: Compacting FUObjectHashTables data took   1.59ms
[2019.08.10-19.08.45:129][916]LogSavePackage: Moving '../../../../../../../GIT/Tutorials/AI-Zombie-MP-Tut/Saved/MAP_DetectionZombiesWithSightChe16B4404B4E1E2B41FE8BD1A8ED64AFA4.tmp' to '../../../../../../../GIT/Tutorials/AI-Zombie-MP-Tut/Content/Framework/Maps/MAP_DetectionZombiesWithSightCheck.umap'
[2019.08.10-19.08.45:190][916]LogFileHelpers: Saving map 'MAP_DetectionZombiesWithSightCheck' took 0.499
[2019.08.10-19.08.45:994][965]LogUObjectHash: Compacting FUObjectHashTables data took   3.84ms
[2019.08.10-19.08.46:357][965]LogSlate: Window 'AI-Zombie-MP-Tut - Unreal Editor' being destroyed
[2019.08.10-19.08.46:359][965]LogWindowsTextInputMethodSystem: Display: IME system now deactivated.
[2019.08.10-19.08.47:386][966]Cmd: QUIT_EDITOR
[2019.08.10-19.08.47:467][966]LogExit: Preparing to exit.
[2019.08.10-19.08.48:056][966]LogExit: Editor shut down
[2019.08.10-19.08.48:056][966]LogExit: Transaction tracking system shut down
[2019.08.10-19.08.48:456][966]LogExit: Object subsystem successfully closed.
[2019.08.10-19.08.48:495][966]LogShaderCompilers: Display: Shaders left to compile 0
[2019.08.10-19.08.48:501][966]LogD3D11RHI: Shutdown
[2019.08.10-19.08.48:501][966]LogD3D11RHI: CleanupD3DDevice
[2019.08.10-19.08.48:502][966]LogRendererCore: FGlobalReadBuffer::ReleaseRHI
[2019.08.10-19.08.48:502][966]LogRendererCore: FGlobalDynamicReadBuffer::Cleanup()
[2019.08.10-19.08.48:502][966]LogRendererCore: FGlobalReadBuffer::ReleaseRHI
[2019.08.10-19.08.48:502][966]LogRendererCore: FGlobalDynamicReadBuffer::Cleanup()
[2019.08.10-19.08.48:502][966]LogRendererCore: FGlobalReadBuffer::ReleaseRHI
[2019.08.10-19.08.48:502][966]LogRendererCore: FGlobalDynamicReadBuffer::Cleanup()
[2019.08.10-19.08.48:639][966]LogD3D11RHI: ~FD3D11DynamicRHI
[2019.08.10-19.08.48:671][966]LogModuleManager: Shutting down and abandoning module BlueprintGraph (650)
[2019.08.10-19.08.48:671][966]LogModuleManager: Shutting down and abandoning module HierarchicalLODOutliner (648)
[2019.08.10-19.08.48:671][966]LogModuleManager: Shutting down and abandoning module WorldBrowser (646)
[2019.08.10-19.08.48:671][966]LogModuleManager: Shutting down and abandoning module SceneOutliner (644)
[2019.08.10-19.08.48:671][966]LogModuleManager: Shutting down and abandoning module AddContentDialog (642)
[2019.08.10-19.08.48:672][966]LogModuleManager: Shutting down and abandoning module WidgetCarousel (641)
[2019.08.10-19.08.48:673][966]LogModuleManager: Shutting down and abandoning module EditorWidgets (638)
[2019.08.10-19.08.48:673][966]LogModuleManager: Shutting down and abandoning module CollectionManager (636)
[2019.08.10-19.08.48:673][966]LogModuleManager: Shutting down and abandoning module ExternalImagePicker (634)
[2019.08.10-19.08.48:673][966]LogModuleManager: Shutting down and abandoning module StatsViewer (632)
[2019.08.10-19.08.48:673][966]LogModuleManager: Shutting down and abandoning module FoliageEdit (630)
[2019.08.10-19.08.48:673][966]LogModuleManager: Shutting down and abandoning module LandscapeEditor (628)
[2019.08.10-19.08.48:674][966]LogModuleManager: Shutting down and abandoning module MeshPaintMode (626)
[2019.08.10-19.08.48:674][966]LogModuleManager: Shutting down and abandoning module SceneDepthPickerMode (624)
[2019.08.10-19.08.48:674][966]LogModuleManager: Shutting down and abandoning module ActorPickerMode (622)
[2019.08.10-19.08.48:674][966]LogModuleManager: Shutting down and abandoning module GeometryMode (620)
[2019.08.10-19.08.48:674][966]LogModuleManager: Shutting down and abandoning module TextureAlignMode (618)
[2019.08.10-19.08.48:674][966]LogModuleManager: Shutting down and abandoning module BspMode (616)
[2019.08.10-19.08.48:674][966]LogModuleManager: Shutting down and abandoning module PIEPreviewDeviceProfileSelector (614)
[2019.08.10-19.08.48:674][966]LogModuleManager: Shutting down and abandoning module SequenceRecorderSections (612)
[2019.08.10-19.08.48:674][966]LogModuleManager: Shutting down and abandoning module AutomationWorker (610)
[2019.08.10-19.08.48:674][966]LogModuleManager: Shutting down and abandoning module OculusMR (608)
[2019.08.10-19.08.48:674][966]LogModuleManager: Shutting down and abandoning module AudioCaptureEditor (606)
[2019.08.10-19.08.48:674][966]LogModuleManager: Shutting down and abandoning module MatineeToLevelSequence (604)
[2019.08.10-19.08.48:674][966]LogModuleManager: Shutting down and abandoning module LevelSequenceEditor (602)
[2019.08.10-19.08.48:674][966]LogModuleManager: Shutting down and abandoning module PlacementMode (601)
[2019.08.10-19.08.48:674][966]LogModuleManager: Shutting down and abandoning module MaterialEditor (600)
[2019.08.10-19.08.48:674][966]LogModuleManager: Shutting down and abandoning module ActorSequenceEditor (596)
[2019.08.10-19.08.48:674][966]LogModuleManager: Shutting down and abandoning module WmfMediaFactory (594)
[2019.08.10-19.08.48:674][966]LogModuleManager: Shutting down and abandoning module WmfMediaEditor (592)
[2019.08.10-19.08.48:675][966]LogModuleManager: Shutting down and abandoning module WebMMediaFactory (590)
[2019.08.10-19.08.48:675][966]LogModuleManager: Shutting down and abandoning module WebMMediaEditor (588)
[2019.08.10-19.08.48:675][966]LogModuleManager: Shutting down and abandoning module WebMMedia (586)
[2019.08.10-19.08.48:675][966]LogModuleManager: Shutting down and abandoning module MediaPlayerEditor (584)
[2019.08.10-19.08.48:675][966]LogModuleManager: Shutting down and abandoning module MediaCompositingEditor (582)
[2019.08.10-19.08.48:675][966]LogModuleManager: Shutting down and abandoning module SequenceRecorder (581)
[2019.08.10-19.08.48:675][966]LogModuleManager: Shutting down and abandoning module OpenExrWrapper (578)
[2019.08.10-19.08.48:675][966]LogModuleManager: Shutting down and abandoning module ImgMediaFactory (576)
[2019.08.10-19.08.48:675][966]LogModuleManager: Shutting down and abandoning module ImgMediaEditor (574)
[2019.08.10-19.08.48:675][966]LogModuleManager: Shutting down and abandoning module AvfMediaFactory (572)
[2019.08.10-19.08.48:675][966]LogModuleManager: Shutting down and abandoning module AvfMediaEditor (570)
[2019.08.10-19.08.48:675][966]LogModuleManager: Shutting down and abandoning module AndroidMediaFactory (568)
[2019.08.10-19.08.48:675][966]LogModuleManager: Shutting down and abandoning module AndroidMediaEditor (566)
[2019.08.10-19.08.48:675][966]LogModuleManager: Shutting down and abandoning module MagicLeapCameraPreviewFactory (564)
[2019.08.10-19.08.48:675][966]LogModuleManager: Shutting down and abandoning module MagicLeapMediaCodecFactory (562)
[2019.08.10-19.08.48:676][966]LogModuleManager: Shutting down and abandoning module MagicLeapMediaFactory (560)
[2019.08.10-19.08.48:676][966]LogModuleManager: Shutting down and abandoning module MagicLeapMediaEditor (558)
[2019.08.10-19.08.48:676][966]LogModuleManager: Shutting down and abandoning module CharacterAI (556)
[2019.08.10-19.08.48:676][966]LogModuleManager: Shutting down and abandoning module SmartSnapping (554)
[2019.08.10-19.08.48:676][966]LogModuleManager: Shutting down and abandoning module SessionServices (552)
[2019.08.10-19.08.48:676][966]LogModuleManager: Shutting down and abandoning module MeshPaint (550)
[2019.08.10-19.08.48:676][966]LogModuleManager: Shutting down and abandoning module ViewportSnapping (548)
[2019.08.10-19.08.48:676][966]LogModuleManager: Shutting down and abandoning module ViewportInteraction (546)
[2019.08.10-19.08.48:676][966]LogModuleManager: Shutting down and abandoning module ClothPainter (544)
[2019.08.10-19.08.48:676][966]LogModuleManager: Shutting down and abandoning module SkeletalMeshEditor (543)
[2019.08.10-19.08.48:676][966]LogModuleManager: Shutting down and abandoning module LogVisualizer (540)
[2019.08.10-19.08.48:676][966]LogModuleManager: Shutting down and abandoning module IntroTutorials (538)
[2019.08.10-19.08.48:676][966]LogModuleManager: Shutting down and abandoning module GameProjectGeneration (537)
[2019.08.10-19.08.48:676][966]LogModuleManager: Shutting down and abandoning module LuminPlatformEditor (534)
[2019.08.10-19.08.48:676][966]LogModuleManager: Shutting down and abandoning module IOSPlatformEditor (532)
[2019.08.10-19.08.48:676][966]LogModuleManager: Shutting down and abandoning module HTML5PlatformEditor (530)
[2019.08.10-19.08.48:676][966]LogModuleManager: Shutting down and abandoning module AndroidPlatformEditor (528)
[2019.08.10-19.08.48:676][966]LogModuleManager: Shutting down and abandoning module AndroidDeviceDetection (527)
[2019.08.10-19.08.49:576][966]LogModuleManager: Shutting down and abandoning module WindowsPlatformEditor (524)
[2019.08.10-19.08.49:576][966]LogModuleManager: Shutting down and abandoning module LuminRuntimeSettings (522)
[2019.08.10-19.08.49:576][966]LogModuleManager: Shutting down and abandoning module IOSRuntimeSettings (520)
[2019.08.10-19.08.49:576][966]LogModuleManager: Shutting down and abandoning module AndroidRuntimeSettings (518)
[2019.08.10-19.08.49:576][966]LogModuleManager: Shutting down and abandoning module TimeManagementEditor (516)
[2019.08.10-19.08.49:577][966]LogModuleManager: Shutting down and abandoning module InputBindingEditor (514)
[2019.08.10-19.08.49:577][966]LogModuleManager: Shutting down and abandoning module MergeActors (512)
[2019.08.10-19.08.49:577][966]LogModuleManager: Shutting down and abandoning module LocalizationDashboard (510)
[2019.08.10-19.08.49:577][966]LogModuleManager: Shutting down and abandoning module LocalizationService (509)
[2019.08.10-19.08.49:577][966]LogModuleManager: Shutting down and abandoning module HardwareTargeting (506)
[2019.08.10-19.08.49:577][966]LogModuleManager: Shutting down and abandoning module DeviceProfileEditor (504)
[2019.08.10-19.08.49:577][966]LogModuleManager: Shutting down and abandoning module UndoHistory (502)
[2019.08.10-19.08.49:577][966]LogModuleManager: Shutting down and abandoning module XmlParser (500)
[2019.08.10-19.08.49:577][966]LogModuleManager: Shutting down and abandoning module Blutility (498)
[2019.08.10-19.08.49:577][966]LogModuleManager: Shutting down and abandoning module ProjectSettingsViewer (496)
[2019.08.10-19.08.49:577][966]LogModuleManager: Shutting down and abandoning module ProjectTargetPlatformEditor (495)
[2019.08.10-19.08.49:577][966]LogModuleManager: Shutting down and abandoning module EditorSettingsViewer (492)
[2019.08.10-19.08.49:578][966]LogModuleManager: Shutting down and abandoning module SettingsEditor (490)
[2019.08.10-19.08.49:578][966]LogModuleManager: Shutting down and abandoning module ProjectLauncher (488)
[2019.08.10-19.08.49:578][966]LogModuleManager: Shutting down and abandoning module SessionFrontend (486)
[2019.08.10-19.08.49:578][966]LogModuleManager: Shutting down and abandoning module ProfilerClient (484)
[2019.08.10-19.08.49:578][966]LogModuleManager: Shutting down and abandoning module DeviceManager (482)
[2019.08.10-19.08.49:578][966]LogModuleManager: Shutting down and abandoning module TargetDeviceServices (481)
[2019.08.10-19.08.49:631][966]LogModuleManager: Shutting down and abandoning module AutomationController (478)
[2019.08.10-19.08.49:631][966]LogModuleManager: Shutting down and abandoning module AutomationWindow (476)
[2019.08.10-19.08.49:631][966]LogModuleManager: Shutting down and abandoning module Layers (474)
[2019.08.10-19.08.49:631][966]LogModuleManager: Shutting down and abandoning module ComponentVisualizers (472)
[2019.08.10-19.08.49:631][966]LogModuleManager: Shutting down and abandoning module DetailCustomizations (470)
[2019.08.10-19.08.49:631][966]LogModuleManager: Shutting down and abandoning module PackagesDialog (468)
[2019.08.10-19.08.49:631][966]LogModuleManager: Shutting down and abandoning module AnimationBlueprintEditor (466)
[2019.08.10-19.08.49:631][966]LogModuleManager: Shutting down and abandoning module Persona (464)
[2019.08.10-19.08.49:631][966]LogModuleManager: Shutting down and abandoning module AdvancedPreviewScene (463)
[2019.08.10-19.08.49:631][966]LogModuleManager: Shutting down and abandoning module AnimGraph (461)
[2019.08.10-19.08.49:632][966]LogModuleManager: Shutting down and abandoning module Kismet (458)
[2019.08.10-19.08.49:645][966]LogModuleManager: Shutting down and abandoning module GraphEditor (456)
[2019.08.10-19.08.49:646][966]LogModuleManager: Shutting down and abandoning module ClassViewer (454)
[2019.08.10-19.08.49:646][966]LogModuleManager: Shutting down and abandoning module Toolbox (452)
[2019.08.10-19.08.49:646][966]LogModuleManager: Shutting down and abandoning module ModuleUI (450)
[2019.08.10-19.08.49:646][966]LogModuleManager: Shutting down and abandoning module MovieSceneTools (448)
[2019.08.10-19.08.49:646][966]LogModuleManager: Shutting down and abandoning module OutputLog (446)
[2019.08.10-19.08.49:646][966]LogModuleManager: Shutting down and abandoning module GammaUI (444)
[2019.08.10-19.08.49:646][966]LogModuleManager: Shutting down and abandoning module Documentation (442)
[2019.08.10-19.08.49:648][966]LogModuleManager: Shutting down and abandoning module LiveCoding (440)
[2019.08.10-19.08.49:648][966]LogModuleManager: Shutting down and abandoning module LevelSequence (438)
[2019.08.10-19.08.49:648][966]LogModuleManager: Shutting down and abandoning module MovieSceneTracks (436)
[2019.08.10-19.08.49:648][966]LogModuleManager: Shutting down and abandoning module MovieScene (434)
[2019.08.10-19.08.49:649][966]LogModuleManager: Shutting down and abandoning module StreamingPauseRendering (432)
[2019.08.10-19.08.49:649][966]LogModuleManager: Shutting down and abandoning module LauncherPlatform (430)
[2019.08.10-19.08.49:649][966]LogModuleManager: Shutting down and abandoning module AnalyticsET (428)
[2019.08.10-19.08.49:649][966]LogModuleManager: Shutting down and abandoning module PortalServices (426)
[2019.08.10-19.08.49:649][966]LogModuleManager: Shutting down and abandoning module PortalRpc (424)
[2019.08.10-19.08.49:649][966]LogModuleManager: Shutting down and abandoning module MessagingRpc (422)
[2019.08.10-19.08.49:649][966]LogModuleManager: Shutting down and abandoning module AIModule (420)
[2019.08.10-19.08.49:649][966]LogModuleManager: Shutting down and abandoning module GameplayDebugger (419)
[2019.08.10-19.08.49:649][966]LogModuleManager: Shutting down and abandoning module AITestSuite (417)
[2019.08.10-19.08.49:649][966]LogModuleManager: Shutting down and abandoning module NavigationSystem (415)
[2019.08.10-19.08.49:649][966]LogModuleManager: Shutting down and abandoning module DesktopPlatform (412)
[2019.08.10-19.08.49:649][966]LogModuleManager: Shutting down and abandoning module ImageWriteQueue (410)
[2019.08.10-19.08.49:656][966]LogModuleManager: Shutting down and abandoning module ProfilerService (408)
[2019.08.10-19.08.49:805][966]LogModuleManager: Shutting down and abandoning module TaskGraph (406)
[2019.08.10-19.08.49:805][966]LogModuleManager: Shutting down and abandoning module SteamVRController (404)
[2019.08.10-19.08.49:805][966]LogModuleManager: Shutting down and abandoning module ProceduralMeshComponentEditor (402)
[2019.08.10-19.08.49:805][966]LogModuleManager: Shutting down and abandoning module ProceduralMeshComponent (400)
[2019.08.10-19.08.49:805][966]LogModuleManager: Shutting down and abandoning module OculusEditor (398)
[2019.08.10-19.08.49:805][966]LogModuleManager: Shutting down and abandoning module OculusInput (396)
[2019.08.10-19.08.49:805][966]LogModuleManager: Shutting down and abandoning module MobilePatchingUtils (394)
[2019.08.10-19.08.49:805][966]LogModuleManager: Shutting down and abandoning module EditableMesh (392)
[2019.08.10-19.08.49:805][966]LogModuleManager: Shutting down and abandoning module CustomMeshComponent (390)
[2019.08.10-19.08.49:805][966]LogModuleManager: Shutting down and abandoning module CableComponent (388)
[2019.08.10-19.08.49:805][966]LogModuleManager: Shutting down and abandoning module AudioCapture (386)
[2019.08.10-19.08.49:805][966]LogModuleManager: Shutting down and abandoning module ArchVisCharacter (384)
[2019.08.10-19.08.49:805][966]LogModuleManager: Shutting down and abandoning module AndroidPermission (382)
[2019.08.10-19.08.49:805][966]LogModuleManager: Shutting down and abandoning module NUTUnrealEngine4 (380)
[2019.08.10-19.08.49:805][966]LogModuleManager: Shutting down and abandoning module NetcodeUnitTest (378)
[2019.08.10-19.08.49:805][966]LogModuleManager: Shutting down and abandoning module MediaCompositing (376)
[2019.08.10-19.08.49:805][966]LogModuleManager: Shutting down and abandoning module LinearTimecode (374)
[2019.08.10-19.08.49:805][966]LogModuleManager: Shutting down and abandoning module ImgMedia (372)
[2019.08.10-19.08.49:805][966]LogModuleManager: Shutting down and abandoning module MagicLeapHelperVulkan (370)
[2019.08.10-19.08.49:805][966]LogModuleManager: Shutting down and abandoning module MagicLeapHelperOpenGL (368)
[2019.08.10-19.08.49:805][966]LogModuleManager: Shutting down and abandoning module MagicLeapAudio (366)
[2019.08.10-19.08.49:805][966]LogModuleManager: Shutting down and abandoning module HTML5Networking (364)
[2019.08.10-19.08.49:805][966]LogModuleManager: Shutting down and abandoning module GeometryCacheTracks (362)
[2019.08.10-19.08.49:805][966]LogModuleManager: Shutting down and abandoning module GeometryCacheSequencer (360)
[2019.08.10-19.08.49:805][966]LogModuleManager: Shutting down and abandoning module BackChannel (358)
[2019.08.10-19.08.49:805][966]LogModuleManager: Shutting down and abandoning module AppleVision (356)
[2019.08.10-19.08.49:805][966]LogModuleManager: Shutting down and abandoning module AppleImageUtilsBlueprintSupport (354)
[2019.08.10-19.08.49:805][966]LogModuleManager: Shutting down and abandoning module AppleImageUtils (352)
[2019.08.10-19.08.49:806][966]LogModuleManager: Shutting down and abandoning module AlembicImporter (350)
[2019.08.10-19.08.49:806][966]LogModuleManager: Shutting down and abandoning module AlembicLibrary (349)
[2019.08.10-19.08.49:806][966]LogModuleManager: Shutting down and abandoning module GeometryCache (348)
[2019.08.10-19.08.49:806][966]LogModuleManager: Shutting down and abandoning module GeometryCacheEd (347)
[2019.08.10-19.08.49:806][966]LogModuleManager: Shutting down and abandoning module VariantManagerContent (342)
[2019.08.10-19.08.49:806][966]LogModuleManager: Shutting down and abandoning module DatasmithContentEditor (340)
[2019.08.10-19.08.49:806][966]LogModuleManager: Shutting down and abandoning module SpeedTreeImporter (338)
[2019.08.10-19.08.49:806][966]LogModuleManager: Shutting down and abandoning module PluginBrowser (336)
[2019.08.10-19.08.49:806][966]LogModuleManager: Shutting down and abandoning module MobileLauncherProfileWizard (334)
[2019.08.10-19.08.49:807][966]LogModuleManager: Shutting down and abandoning module MaterialAnalyzer (332)
[2019.08.10-19.08.49:807][966]LogModuleManager: Shutting down and abandoning module CryptoKeysOpenSSL (330)
[2019.08.10-19.08.49:807][966]LogModuleManager: Shutting down and abandoning module CryptoKeys (328)
[2019.08.10-19.08.49:807][966]LogModuleManager: Shutting down and abandoning module VisualStudioSourceCodeAccess (326)
[2019.08.10-19.08.49:807][966]LogModuleManager: Shutting down and abandoning module VisualStudioCodeSourceCodeAccess (324)
[2019.08.10-19.08.49:807][966]LogModuleManager: Shutting down and abandoning module UObjectPlugin (322)
[2019.08.10-19.08.49:807][966]LogModuleManager: Shutting down and abandoning module SubversionSourceControl (320)
[2019.08.10-19.08.49:807][966]LogModuleManager: Shutting down and abandoning module PerforceSourceControl (318)
[2019.08.10-19.08.49:807][966]LogModuleManager: Shutting down and abandoning module GitSourceControl (316)
[2019.08.10-19.08.49:807][966]LogModuleManager: Shutting down and abandoning module SourceControl (315)
[2019.08.10-19.08.49:807][966]LogModuleManager: Shutting down and abandoning module CLionSourceCodeAccess (312)
[2019.08.10-19.08.49:807][966]LogModuleManager: Shutting down and abandoning module AnimationSharingEd (310)
[2019.08.10-19.08.49:807][966]LogModuleManager: Shutting down and abandoning module ActorLayerUtilitiesEditor (308)
[2019.08.10-19.08.49:807][966]LogModuleManager: Shutting down and abandoning module ActorLayerUtilities (306)
[2019.08.10-19.08.49:807][966]LogModuleManager: Shutting down and abandoning module LightPropagationVolumeEditor (304)
[2019.08.10-19.08.49:807][966]LogModuleManager: Shutting down and abandoning module PaperTiledImporter (302)
[2019.08.10-19.08.49:807][966]LogModuleManager: Shutting down and abandoning module PaperSpriteSheetImporter (300)
[2019.08.10-19.08.49:807][966]LogModuleManager: Shutting down and abandoning module Paper2DEditor (298)
[2019.08.10-19.08.49:807][966]LogModuleManager: Shutting down and abandoning module SignificanceManager (296)
[2019.08.10-19.08.49:807][966]LogModuleManager: Shutting down and abandoning module RuntimePhysXCooking (294)
[2019.08.10-19.08.49:807][966]LogModuleManager: Shutting down and abandoning module PhysXVehiclesEditor (292)
[2019.08.10-19.08.49:807][966]LogModuleManager: Shutting down and abandoning module PhysXVehicles (290)
[2019.08.10-19.08.49:807][966]LogModuleManager: Shutting down and abandoning module LocationServicesBPLibrary (288)
[2019.08.10-19.08.49:807][966]LogModuleManager: Shutting down and abandoning module ActorSequence (286)
[2019.08.10-19.08.49:807][966]LogModuleManager: Shutting down and abandoning module UdpMessaging (284)
[2019.08.10-19.08.49:908][966]LogModuleManager: Shutting down and abandoning module TcpMessaging (282)
[2019.08.10-19.08.50:008][966]LogModuleManager: Shutting down and abandoning module MagicLeapIdentity (280)
[2019.08.10-19.08.50:008][966]LogModuleManager: Shutting down and abandoning module MagicLeapSecureStorage (278)
[2019.08.10-19.08.50:008][966]LogModuleManager: Shutting down and abandoning module MagicLeapHandTracking (276)
[2019.08.10-19.08.50:009][966]LogModuleManager: Shutting down and abandoning module MagicLeapEyeTracker (274)
[2019.08.10-19.08.50:009][966]LogModuleManager: Shutting down and abandoning module MagicLeapController (272)
[2019.08.10-19.08.50:009][966]LogSlate: Slate User Destroyed.  User Index 0, Is Virtual User: 0
[2019.08.10-19.08.50:010][966]LogModuleManager: Shutting down and abandoning module MagicLeapAR (270)
[2019.08.10-19.08.50:010][966]LogModuleManager: Shutting down and abandoning module AugmentedReality (269)
[2019.08.10-19.08.50:010][966]LogModuleManager: Shutting down and abandoning module GameplayTagsEditor (266)
[2019.08.10-19.08.50:010][966]LogModuleManager: Shutting down and abandoning module FacialAnimationEditor (264)
[2019.08.10-19.08.50:010][966]LogModuleManager: Shutting down and abandoning module FacialAnimation (262)
[2019.08.10-19.08.50:010][966]LogModuleManager: Shutting down and abandoning module DataValidation (260)
[2019.08.10-19.08.50:010][966]LogModuleManager: Shutting down and abandoning module AssetManagerEditor (258)
[2019.08.10-19.08.50:010][966]LogModuleManager: Shutting down and abandoning module LevelEditor (257)
[2019.08.10-19.08.50:012][966]LogModuleManager: Shutting down and abandoning module PixelInspectorModule (256)
[2019.08.10-19.08.50:012][966]LogModuleManager: Shutting down and abandoning module CommonMenuExtensions (254)
[2019.08.10-19.08.50:014][966]LogModuleManager: Shutting down and abandoning module MainFrame (252)
[2019.08.10-19.08.50:014][966]LogModuleManager: Shutting down and abandoning module HotReload (251)
[2019.08.10-19.08.50:017][966]LogModuleManager: Shutting down and abandoning module ContentBrowser (247)
[2019.08.10-19.08.50:020][966]LogModuleManager: Shutting down and abandoning module TreeMap (245)
[2019.08.10-19.08.50:020][966]LogModuleManager: Shutting down and abandoning module AnimationSharing (242)
[2019.08.10-19.08.50:020][966]LogModuleManager: Shutting down and abandoning module LightPropagationVolumeRuntime (240)
[2019.08.10-19.08.50:020][966]LogModuleManager: Shutting down and abandoning module AISupportModule (238)
[2019.08.10-19.08.50:020][966]LogModuleManager: Shutting down and abandoning module Paper2D (236)
[2019.08.10-19.08.50:020][966]LogModuleManager: Shutting down and abandoning module WindowsMoviePlayer (234)
[2019.08.10-19.08.50:021][966]LogModuleManager: Shutting down and abandoning module WebMMoviePlayer (232)
[2019.08.10-19.08.50:021][966]LogModuleManager: Shutting down and abandoning module PacketHandler (230)
[2019.08.10-19.08.50:021][966]LogModuleManager: Shutting down and abandoning module ClothingSystemEditor (228)
[2019.08.10-19.08.50:021][966]LogModuleManager: Shutting down and abandoning module ClothingSystemRuntime (226)
[2019.08.10-19.08.50:021][966]LogModuleManager: Shutting down and abandoning module MediaAssets (224)
[2019.08.10-19.08.50:021][966]LogModuleManager: Shutting down and abandoning module Overlay (222)
[2019.08.10-19.08.50:021][966]LogModuleManager: Shutting down and abandoning module OverlayEditor (221)
[2019.08.10-19.08.50:021][966]LogModuleManager: Shutting down and abandoning module EnvironmentQueryEditor (218)
[2019.08.10-19.08.50:021][966]LogModuleManager: Shutting down and abandoning module VREditor (216)
[2019.08.10-19.08.50:021][966]LogModuleManager: Shutting down and abandoning module StringTableEditor (214)
[2019.08.10-19.08.50:023][966]LogModuleManager: Shutting down and abandoning module GameplayTasksEditor (212)
[2019.08.10-19.08.50:023][966]LogModuleManager: Shutting down and abandoning module BehaviorTreeEditor (210)
[2019.08.10-19.08.50:023][966]LogModuleManager: Shutting down and abandoning module FunctionalTesting (208)
[2019.08.10-19.08.50:023][966]LogModuleManager: Shutting down and abandoning module CollisionAnalyzer (206)
[2019.08.10-19.08.50:023][966]LogModuleManager: Shutting down and abandoning module WorkspaceMenuStructure (205)
[2019.08.10-19.08.50:023][966]LogModuleManager: Shutting down and abandoning module UMG (202)
[2019.08.10-19.08.50:023][966]LogModuleManager: Shutting down and abandoning module UMGEditor (201)
[2019.08.10-19.08.50:023][966]LogModuleManager: Shutting down and abandoning module Sequencer (200)
[2019.08.10-19.08.50:023][966]LogModuleManager: Shutting down and abandoning module MessageLog (197)
[2019.08.10-19.08.50:024][966]LogModuleManager: Shutting down and abandoning module SlateReflector (192)
[2019.08.10-19.08.50:024][966]LogModuleManager: Shutting down and abandoning module Slate (190)
[2019.08.10-19.08.50:024][966]LogModuleManager: Shutting down and abandoning module EditorStyle (188)
[2019.08.10-19.08.50:027][966]LogModuleManager: Shutting down and abandoning module UnrealEd (186)
[2019.08.10-19.08.50:028][966]LogModuleManager: Shutting down and abandoning module MRMesh (184)
[2019.08.10-19.08.50:028][966]LogModuleManager: Shutting down and abandoning module SourceCodeAccess (182)
[2019.08.10-19.08.50:028][966]LogModuleManager: Shutting down and abandoning module HeadMountedDisplay (180)
[2019.08.10-19.08.50:028][966]LogModuleManager: Shutting down and abandoning module XAudio2 (178)
[2019.08.10-19.08.50:028][966]LogModuleManager: Shutting down and abandoning module Networking (176)
[2019.08.10-19.08.50:028][966]LogModuleManager: Shutting down and abandoning module Core (174)
[2019.08.10-19.08.50:028][966]LogModuleManager: Shutting down and abandoning module KismetCompiler (172)
[2019.08.10-19.08.50:028][966]LogModuleManager: Shutting down and abandoning module MeshUtilities (170)
[2019.08.10-19.08.50:028][966]LogModuleManager: Shutting down and abandoning module MeshMergeUtilities (169)
[2019.08.10-19.08.50:028][966]LogModuleManager: Shutting down and abandoning module MeshReductionInterface (168)
[2019.08.10-19.08.50:028][966]LogModuleManager: Shutting down and abandoning module SkeletalMeshReduction (167)
[2019.08.10-19.08.50:028][966]LogModuleManager: Shutting down and abandoning module ProxyLODMeshReduction (165)
[2019.08.10-19.08.50:028][966]LogModuleManager: Shutting down and abandoning module QuadricMeshReduction (163)
[2019.08.10-19.08.50:028][966]LogModuleManager: Shutting down and abandoning module MaterialBaking (159)
[2019.08.10-19.08.50:028][966]LogModuleManager: Shutting down and abandoning module DerivedDataCache (154)
[2019.08.10-19.08.50:265][966]LogDerivedDataCache: Shutdown
[2019.08.10-19.08.50:265][966]LogModuleManager: Shutting down and abandoning module XGEController (152)
[2019.08.10-19.08.50:265][966]LogModuleManager: Shutting down and abandoning module TargetPlatform (150)
[2019.08.10-19.08.50:265][966]LogModuleManager: Shutting down and abandoning module VulkanShaderFormat (149)
[2019.08.10-19.08.50:265][966]LogModuleManager: Shutting down and abandoning module ShaderFormatVectorVM (147)
[2019.08.10-19.08.50:265][966]LogModuleManager: Shutting down and abandoning module ShaderFormatOpenGL (145)
[2019.08.10-19.08.50:265][966]LogModuleManager: Shutting down and abandoning module ShaderFormatD3D (143)
[2019.08.10-19.08.50:265][966]LogModuleManager: Shutting down and abandoning module MetalShaderFormat (141)
[2019.08.10-19.08.50:265][966]LogModuleManager: Shutting down and abandoning module TextureFormatUncompressed (139)
[2019.08.10-19.08.50:265][966]LogModuleManager: Shutting down and abandoning module TextureFormatPVR (137)
[2019.08.10-19.08.50:265][966]LogModuleManager: Shutting down and abandoning module TextureFormatDXT (135)
[2019.08.10-19.08.50:265][966]LogModuleManager: Shutting down and abandoning module TextureFormatIntelISPCTexComp (133)
[2019.08.10-19.08.50:266][966]LogModuleManager: Shutting down and abandoning module TextureFormatASTC (131)
[2019.08.10-19.08.50:266][966]LogModuleManager: Shutting down and abandoning module ImageWrapper (130)
[2019.08.10-19.08.50:266][966]LogModuleManager: Shutting down and abandoning module TextureFormatAndroid (127)
[2019.08.10-19.08.50:266][966]LogModuleManager: Shutting down and abandoning module AudioFormatOpus (125)
[2019.08.10-19.08.50:266][966]LogModuleManager: Shutting down and abandoning module AudioFormatOgg (123)
[2019.08.10-19.08.50:266][966]LogModuleManager: Shutting down and abandoning module AudioFormatADPCM (121)
[2019.08.10-19.08.50:266][966]LogModuleManager: Shutting down and abandoning module LuminTargetPlatform (119)
[2019.08.10-19.08.50:268][966]LogModuleManager: Shutting down and abandoning module LinuxTargetPlatform (117)
[2019.08.10-19.08.50:268][966]LogModuleManager: Shutting down and abandoning module LinuxServerTargetPlatform (115)
[2019.08.10-19.08.50:268][966]LogModuleManager: Shutting down and abandoning module LinuxNoEditorTargetPlatform (113)
[2019.08.10-19.08.50:268][966]LogModuleManager: Shutting down and abandoning module LinuxClientTargetPlatform (111)
[2019.08.10-19.08.50:268][966]LogModuleManager: Shutting down and abandoning module TVOSTargetPlatform (109)
[2019.08.10-19.08.50:269][966]LogModuleManager: Shutting down and abandoning module Messaging (107)
[2019.08.10-19.08.50:269][966]LogModuleManager: Shutting down and abandoning module IOSTargetPlatform (105)
[2019.08.10-19.08.50:270][966]LogModuleManager: Shutting down and abandoning module HTML5TargetPlatform (103)
[2019.08.10-19.08.50:270][966]LogModuleManager: Shutting down and abandoning module AndroidTargetPlatform (101)
[2019.08.10-19.08.50:281][966]LogModuleManager: Shutting down and abandoning module WindowsTargetPlatform (99)
[2019.08.10-19.08.50:281][966]LogModuleManager: Shutting down and abandoning module WindowsServerTargetPlatform (97)
[2019.08.10-19.08.50:282][966]LogModuleManager: Shutting down and abandoning module WindowsNoEditorTargetPlatform (95)
[2019.08.10-19.08.50:282][966]LogModuleManager: Shutting down and abandoning module WindowsClientTargetPlatform (93)
[2019.08.10-19.08.50:282][966]LogModuleManager: Shutting down and abandoning module MacTargetPlatform (91)
[2019.08.10-19.08.50:282][966]LogModuleManager: Shutting down and abandoning module MacServerTargetPlatform (89)
[2019.08.10-19.08.50:282][966]LogModuleManager: Shutting down and abandoning module MacNoEditorTargetPlatform (87)
[2019.08.10-19.08.50:282][966]LogModuleManager: Shutting down and abandoning module MacClientTargetPlatform (85)
[2019.08.10-19.08.50:282][966]LogModuleManager: Shutting down and abandoning module AllDesktopTargetPlatform (83)
[2019.08.10-19.08.50:282][966]LogModuleManager: Shutting down and abandoning module InputCore (80)
[2019.08.10-19.08.50:282][966]LogModuleManager: Shutting down and abandoning module Settings (78)
[2019.08.10-19.08.50:282][966]LogModuleManager: Shutting down and abandoning module DirectoryWatcher (76)
[2019.08.10-19.08.50:282][966]LogModuleManager: Shutting down and abandoning module PhysXCooking (74)
[2019.08.10-19.08.50:282][966]LogModuleManager: Shutting down and abandoning module SteamVR (72)
[2019.08.10-19.08.50:282][966]LogHMD: Freeing OpenVRDLLHandle.
[2019.08.10-19.08.50:282][966]LogModuleManager: Shutting down and abandoning module OculusHMD (70)
[2019.08.10-19.08.50:282][966]LogModuleManager: Shutting down and abandoning module ExampleDeviceProfileSelector (68)
[2019.08.10-19.08.50:282][966]LogModuleManager: Shutting down and abandoning module LauncherChunkInstaller (66)
[2019.08.10-19.08.50:282][966]LogModuleManager: Shutting down and abandoning module OnlineBlueprintSupport (64)
[2019.08.10-19.08.50:282][966]LogModuleManager: Shutting down and abandoning module OnlineSubsystem (60)
[2019.08.10-19.08.50:283][966]LogModuleManager: Shutting down and abandoning module XMPP (55)
[2019.08.10-19.08.50:283][966]LogModuleManager: Shutting down and abandoning module WebSockets (54)
[2019.08.10-19.08.50:315][966]LogModuleManager: Shutting down and abandoning module HTTP (51)
[2019.08.10-19.08.50:315][966]LogHttp: Display: Http module shutting down, but needs to wait on 1 outstanding Http requests:
[2019.08.10-19.08.50:315][966]LogHttp: Display: 	verb=[POST] url=[https://datarouter.ol.epicgames.com/datarouter/api/v1/public/data?SessionID=%7BC3BB0DDE-4E57-A517-9ECD-368C7DE06646%7D&AppID=UEEditor.Rocket.Release&AppVersion=4.22.3-7053642%2B%2B%2BUE4%2BRelease-4.22&UserID=a2af95544f0938fc35241bbea866488e%7C4a680e3ea4b04fcfb5b075835c5b546b%7Cd27101be-b892-4db8-97d0-a064c037c236&AppEnvironment=datacollector-binary&UploadType=eteventstream] status=Processing
[2019.08.10-19.08.50:322][966]LogModuleManager: Shutting down and abandoning module SSL (50)
[2019.08.10-19.08.50:323][966]LogModuleManager: Shutting down and abandoning module WmfMedia (46)
[2019.08.10-19.08.50:328][966]LogModuleManager: Shutting down and abandoning module Media (45)
[2019.08.10-19.08.50:335][966]LogModuleManager: Shutting down and abandoning module MagicLeap (42)
[2019.08.10-19.08.50:335][966]LogModuleManager: Shutting down and abandoning module DatasmithContent (40)
[2019.08.10-19.08.50:335][966]LogModuleManager: Shutting down and abandoning module AnimationModifiers (38)
[2019.08.10-19.08.50:335][966]LogModuleManager: Shutting down and abandoning module PropertyEditor (37)
[2019.08.10-19.08.50:336][966]LogModuleManager: Shutting down and abandoning module AudioEditor (34)
[2019.08.10-19.08.50:336][966]LogModuleManager: Shutting down and abandoning module TextureCompressor (32)
[2019.08.10-19.08.50:336][966]LogModuleManager: Shutting down and abandoning module RenderCore (30)
[2019.08.10-19.08.50:336][966]LogModuleManager: Shutting down and abandoning module Landscape (28)
[2019.08.10-19.08.50:336][966]LogModuleManager: Shutting down and abandoning module SlateRHIRenderer (26)
[2019.08.10-19.08.50:336][966]LogModuleManager: Shutting down and abandoning module OpenGLDrv (24)
[2019.08.10-19.08.50:337][966]LogModuleManager: Shutting down and abandoning module D3D11RHI (22)
[2019.08.10-19.08.50:337][966]LogModuleManager: Shutting down and abandoning module AnimGraphRuntime (20)
[2019.08.10-19.08.50:337][966]LogModuleManager: Shutting down and abandoning module Renderer (18)
[2019.08.10-19.08.50:337][966]LogModuleManager: Shutting down and abandoning module Engine (16)
[2019.08.10-19.08.50:337][966]LogModuleManager: Shutting down and abandoning module CoreUObject (14)
[2019.08.10-19.08.50:337][966]LogModuleManager: Shutting down and abandoning module NetworkFile (12)
[2019.08.10-19.08.50:337][966]LogModuleManager: Shutting down and abandoning module CookedIterativeFile (10)
[2019.08.10-19.08.50:337][966]LogModuleManager: Shutting down and abandoning module StreamingFile (8)
[2019.08.10-19.08.50:337][966]LogModuleManager: Shutting down and abandoning module SandboxFile (6)
[2019.08.10-19.08.50:337][966]LogModuleManager: Shutting down and abandoning module PakFile (4)
[2019.08.10-19.08.50:337][966]LogModuleManager: Shutting down and abandoning module RSA (3)
[2019.08.10-19.08.50:355][966]LogExit: Exiting.
[2019.08.10-19.08.50:385][966]Log file closed, 08/10/19 14:08:50
